{"/Users/apurwakhanal/ToxiMobile/ToxiGuard/src/i18n/constants.js": {"path":"/Users/apurwakhanal/ToxiMobile/ToxiGuard/src/i18n/constants.js","statementMap":{"0":{"start":{"line":7,"column":25},"end":{"line":75,"column":1}},"1":{"start":{"line":78,"column":32},"end":{"line":78,"column":36}},"2":{"start":{"line":81,"column":29},"end":{"line":81,"column":53}},"3":{"start":{"line":88,"column":21},"end":{"line":90,"column":1}},"4":{"start":{"line":89,"column":2},"end":{"line":89,"column":46}},"5":{"start":{"line":97,"column":33},"end":{"line":99,"column":1}},"6":{"start":{"line":98,"column":2},"end":{"line":98,"column":68}},"7":{"start":{"line":98,"column":32},"end":{"line":98,"column":58}},"8":{"start":{"line":106,"column":37},"end":{"line":109,"column":1}},"9":{"start":{"line":107,"column":19},"end":{"line":107,"column":50}},"10":{"start":{"line":108,"column":2},"end":{"line":108,"column":55}},"11":{"start":{"line":116,"column":31},"end":{"line":119,"column":1}},"12":{"start":{"line":117,"column":19},"end":{"line":117,"column":50}},"13":{"start":{"line":118,"column":2},"end":{"line":118,"column":49}}},"fnMap":{"0":{"name":"(anonymous_0)","decl":{"start":{"line":88,"column":21},"end":{"line":88,"column":22}},"loc":{"start":{"line":88,"column":39},"end":{"line":90,"column":1}},"line":88},"1":{"name":"(anonymous_1)","decl":{"start":{"line":97,"column":33},"end":{"line":97,"column":34}},"loc":{"start":{"line":97,"column":51},"end":{"line":99,"column":1}},"line":97},"2":{"name":"(anonymous_2)","decl":{"start":{"line":98,"column":24},"end":{"line":98,"column":25}},"loc":{"start":{"line":98,"column":32},"end":{"line":98,"column":58}},"line":98},"3":{"name":"(anonymous_3)","decl":{"start":{"line":106,"column":37},"end":{"line":106,"column":38}},"loc":{"start":{"line":106,"column":55},"end":{"line":109,"column":1}},"line":106},"4":{"name":"(anonymous_4)","decl":{"start":{"line":116,"column":31},"end":{"line":116,"column":32}},"loc":{"start":{"line":116,"column":49},"end":{"line":119,"column":1}},"line":116}},"branchMap":{"0":{"loc":{"start":{"line":98,"column":9},"end":{"line":98,"column":67}},"type":"binary-expr","locations":[{"start":{"line":98,"column":9},"end":{"line":98,"column":59}},{"start":{"line":98,"column":63},"end":{"line":98,"column":67}}],"line":98},"1":{"loc":{"start":{"line":108,"column":9},"end":{"line":108,"column":54}},"type":"cond-expr","locations":[{"start":{"line":108,"column":20},"end":{"line":108,"column":39}},{"start":{"line":108,"column":42},"end":{"line":108,"column":54}}],"line":108},"2":{"loc":{"start":{"line":118,"column":9},"end":{"line":118,"column":48}},"type":"cond-expr","locations":[{"start":{"line":118,"column":20},"end":{"line":118,"column":33}},{"start":{"line":118,"column":36},"end":{"line":118,"column":48}}],"line":118}},"s":{"0":0,"1":0,"2":0,"3":0,"4":0,"5":0,"6":0,"7":0,"8":0,"9":0,"10":0,"11":0,"12":0,"13":0},"f":{"0":0,"1":0,"2":0,"3":0,"4":0},"b":{"0":[0,0],"1":[0,0],"2":[0,0]}}
,"/Users/apurwakhanal/ToxiMobile/ToxiGuard/src/i18n/index.js": {"path":"/Users/apurwakhanal/ToxiMobile/ToxiGuard/src/i18n/index.js","statementMap":{"0":{"start":{"line":13,"column":13},"end":{"line":21,"column":2}},"1":{"start":{"line":24,"column":0},"end":{"line":24,"column":26}},"2":{"start":{"line":25,"column":0},"end":{"line":25,"column":27}},"3":{"start":{"line":28,"column":34},"end":{"line":50,"column":1}},"4":{"start":{"line":29,"column":2},"end":{"line":49,"column":3}},"5":{"start":{"line":31,"column":25},"end":{"line":31,"column":67}},"6":{"start":{"line":33,"column":4},"end":{"line":42,"column":5}},"7":{"start":{"line":34,"column":6},"end":{"line":34,"column":33}},"8":{"start":{"line":37,"column":27},"end":{"line":37,"column":60}},"9":{"start":{"line":38,"column":6},"end":{"line":38,"column":96}},"10":{"start":{"line":41,"column":6},"end":{"line":41,"column":62}},"11":{"start":{"line":44,"column":4},"end":{"line":44,"column":23}},"12":{"start":{"line":46,"column":4},"end":{"line":46,"column":57}},"13":{"start":{"line":47,"column":4},"end":{"line":47,"column":23}},"14":{"start":{"line":48,"column":4},"end":{"line":48,"column":16}},"15":{"start":{"line":53,"column":27},"end":{"line":66,"column":1}},"16":{"start":{"line":54,"column":2},"end":{"line":65,"column":3}},"17":{"start":{"line":56,"column":4},"end":{"line":60,"column":5}},"18":{"start":{"line":57,"column":6},"end":{"line":57,"column":27}},"19":{"start":{"line":58,"column":6},"end":{"line":58,"column":57}},"20":{"start":{"line":59,"column":6},"end":{"line":59,"column":18}},"21":{"start":{"line":61,"column":4},"end":{"line":61,"column":17}},"22":{"start":{"line":63,"column":4},"end":{"line":63,"column":52}},"23":{"start":{"line":64,"column":4},"end":{"line":64,"column":17}},"24":{"start":{"line":69,"column":34},"end":{"line":71,"column":1}},"25":{"start":{"line":70,"column":2},"end":{"line":70,"column":21}},"26":{"start":{"line":74,"column":37},"end":{"line":79,"column":1}},"27":{"start":{"line":75,"column":2},"end":{"line":78,"column":6}},"28":{"start":{"line":75,"column":53},"end":{"line":78,"column":3}}},"fnMap":{"0":{"name":"(anonymous_0)","decl":{"start":{"line":28,"column":34},"end":{"line":28,"column":35}},"loc":{"start":{"line":28,"column":46},"end":{"line":50,"column":1}},"line":28},"1":{"name":"(anonymous_1)","decl":{"start":{"line":53,"column":27},"end":{"line":53,"column":28}},"loc":{"start":{"line":53,"column":45},"end":{"line":66,"column":1}},"line":53},"2":{"name":"(anonymous_2)","decl":{"start":{"line":69,"column":34},"end":{"line":69,"column":35}},"loc":{"start":{"line":69,"column":40},"end":{"line":71,"column":1}},"line":69},"3":{"name":"(anonymous_3)","decl":{"start":{"line":74,"column":37},"end":{"line":74,"column":38}},"loc":{"start":{"line":74,"column":43},"end":{"line":79,"column":1}},"line":74},"4":{"name":"(anonymous_4)","decl":{"start":{"line":75,"column":44},"end":{"line":75,"column":45}},"loc":{"start":{"line":75,"column":53},"end":{"line":78,"column":3}},"line":75}},"branchMap":{"0":{"loc":{"start":{"line":33,"column":4},"end":{"line":42,"column":5}},"type":"if","locations":[{"start":{"line":33,"column":4},"end":{"line":42,"column":5}},{"start":{"line":35,"column":11},"end":{"line":42,"column":5}}],"line":33},"1":{"loc":{"start":{"line":38,"column":20},"end":{"line":38,"column":95}},"type":"cond-expr","locations":[{"start":{"line":38,"column":76},"end":{"line":38,"column":88}},{"start":{"line":38,"column":91},"end":{"line":38,"column":95}}],"line":38},"2":{"loc":{"start":{"line":56,"column":4},"end":{"line":60,"column":5}},"type":"if","locations":[{"start":{"line":56,"column":4},"end":{"line":60,"column":5}},{"start":{},"end":{}}],"line":56}},"s":{"0":0,"1":0,"2":0,"3":0,"4":0,"5":0,"6":0,"7":0,"8":0,"9":0,"10":0,"11":0,"12":0,"13":0,"14":0,"15":0,"16":0,"17":0,"18":0,"19":0,"20":0,"21":0,"22":0,"23":0,"24":0,"25":0,"26":0,"27":0,"28":0},"f":{"0":0,"1":0,"2":0,"3":0,"4":0},"b":{"0":[0,0],"1":[0,0],"2":[0,0]}}
,"/Users/apurwakhanal/ToxiMobile/ToxiGuard/src/i18n/translations/en.js": {"path":"/Users/apurwakhanal/ToxiMobile/ToxiGuard/src/i18n/translations/en.js","statementMap":{},"fnMap":{},"branchMap":{},"s":{},"f":{},"b":{}}
,"/Users/apurwakhanal/ToxiMobile/ToxiGuard/src/i18n/translations/es.js": {"path":"/Users/apurwakhanal/ToxiMobile/ToxiGuard/src/i18n/translations/es.js","statementMap":{},"fnMap":{},"branchMap":{},"s":{},"f":{},"b":{}}
,"/Users/apurwakhanal/ToxiMobile/ToxiGuard/src/services/alertService.js": {"path":"/Users/apurwakhanal/ToxiMobile/ToxiGuard/src/services/alertService.js","statementMap":{"0":{"start":{"line":21,"column":35},"end":{"line":57,"column":1}},"1":{"start":{"line":22,"column":2},"end":{"line":56,"column":3}},"2":{"start":{"line":23,"column":24},"end":{"line":28,"column":5}},"3":{"start":{"line":30,"column":27},"end":{"line":30,"column":53}},"4":{"start":{"line":32,"column":4},"end":{"line":34,"column":5}},"5":{"start":{"line":33,"column":6},"end":{"line":33,"column":18}},"6":{"start":{"line":36,"column":21},"end":{"line":36,"column":43}},"7":{"start":{"line":37,"column":22},"end":{"line":37,"column":37}},"8":{"start":{"line":40,"column":18},"end":{"line":40,"column":22}},"9":{"start":{"line":41,"column":4},"end":{"line":47,"column":5}},"10":{"start":{"line":42,"column":6},"end":{"line":46,"column":7}},"11":{"start":{"line":43,"column":8},"end":{"line":43,"column":74}},"12":{"start":{"line":45,"column":8},"end":{"line":45,"column":62}},"13":{"start":{"line":49,"column":4},"end":{"line":53,"column":6}},"14":{"start":{"line":55,"column":4},"end":{"line":55,"column":16}},"15":{"start":{"line":60,"column":30},"end":{"line":120,"column":1}},"16":{"start":{"line":61,"column":2},"end":{"line":119,"column":3}},"17":{"start":{"line":64,"column":4},"end":{"line":79,"column":5}},"18":{"start":{"line":65,"column":6},"end":{"line":71,"column":8}},"19":{"start":{"line":73,"column":6},"end":{"line":78,"column":8}},"20":{"start":{"line":81,"column":27},"end":{"line":81,"column":53}},"21":{"start":{"line":83,"column":4},"end":{"line":88,"column":5}},"22":{"start":{"line":84,"column":6},"end":{"line":87,"column":8}},"23":{"start":{"line":90,"column":19},"end":{"line":90,"column":21}},"24":{"start":{"line":93,"column":4},"end":{"line":111,"column":5}},"25":{"start":{"line":94,"column":24},"end":{"line":94,"column":34}},"26":{"start":{"line":97,"column":20},"end":{"line":97,"column":24}},"27":{"start":{"line":98,"column":6},"end":{"line":104,"column":7}},"28":{"start":{"line":99,"column":8},"end":{"line":103,"column":9}},"29":{"start":{"line":100,"column":10},"end":{"line":100,"column":76}},"30":{"start":{"line":102,"column":10},"end":{"line":102,"column":84}},"31":{"start":{"line":106,"column":6},"end":{"line":110,"column":9}},"32":{"start":{"line":113,"column":4},"end":{"line":116,"column":6}},"33":{"start":{"line":118,"column":4},"end":{"line":118,"column":16}},"34":{"start":{"line":123,"column":28},"end":{"line":152,"column":1}},"35":{"start":{"line":124,"column":2},"end":{"line":151,"column":3}},"36":{"start":{"line":125,"column":21},"end":{"line":125,"column":47}},"37":{"start":{"line":126,"column":21},"end":{"line":126,"column":43}},"38":{"start":{"line":128,"column":4},"end":{"line":130,"column":5}},"39":{"start":{"line":129,"column":6},"end":{"line":129,"column":41}},"40":{"start":{"line":132,"column":22},"end":{"line":132,"column":37}},"41":{"start":{"line":135,"column":18},"end":{"line":135,"column":22}},"42":{"start":{"line":136,"column":4},"end":{"line":142,"column":5}},"43":{"start":{"line":137,"column":6},"end":{"line":141,"column":7}},"44":{"start":{"line":138,"column":8},"end":{"line":138,"column":74}},"45":{"start":{"line":140,"column":8},"end":{"line":140,"column":62}},"46":{"start":{"line":144,"column":4},"end":{"line":148,"column":6}},"47":{"start":{"line":150,"column":4},"end":{"line":150,"column":16}},"48":{"start":{"line":155,"column":31},"end":{"line":167,"column":1}},"49":{"start":{"line":156,"column":2},"end":{"line":166,"column":3}},"50":{"start":{"line":157,"column":21},"end":{"line":157,"column":47}},"51":{"start":{"line":158,"column":4},"end":{"line":161,"column":7}},"52":{"start":{"line":163,"column":4},"end":{"line":163,"column":16}},"53":{"start":{"line":165,"column":4},"end":{"line":165,"column":16}},"54":{"start":{"line":170,"column":40},"end":{"line":182,"column":1}},"55":{"start":{"line":171,"column":2},"end":{"line":181,"column":3}},"56":{"start":{"line":172,"column":21},"end":{"line":172,"column":47}},"57":{"start":{"line":173,"column":4},"end":{"line":176,"column":7}},"58":{"start":{"line":178,"column":4},"end":{"line":178,"column":16}},"59":{"start":{"line":180,"column":4},"end":{"line":180,"column":16}},"60":{"start":{"line":185,"column":28},"end":{"line":212,"column":1}},"61":{"start":{"line":186,"column":2},"end":{"line":211,"column":3}},"62":{"start":{"line":187,"column":21},"end":{"line":187,"column":47}},"63":{"start":{"line":188,"column":21},"end":{"line":188,"column":43}},"64":{"start":{"line":190,"column":4},"end":{"line":192,"column":5}},"65":{"start":{"line":191,"column":6},"end":{"line":191,"column":41}},"66":{"start":{"line":194,"column":22},"end":{"line":194,"column":37}},"67":{"start":{"line":195,"column":18},"end":{"line":195,"column":39}},"68":{"start":{"line":197,"column":20},"end":{"line":201,"column":5}},"69":{"start":{"line":203,"column":4},"end":{"line":206,"column":7}},"70":{"start":{"line":208,"column":4},"end":{"line":208,"column":19}},"71":{"start":{"line":210,"column":4},"end":{"line":210,"column":16}},"72":{"start":{"line":215,"column":34},"end":{"line":317,"column":1}},"73":{"start":{"line":216,"column":2},"end":{"line":316,"column":3}},"74":{"start":{"line":218,"column":22},"end":{"line":218,"column":32}},"75":{"start":{"line":219,"column":4},"end":{"line":219,"column":55}},"76":{"start":{"line":220,"column":27},"end":{"line":220,"column":56}},"77":{"start":{"line":223,"column":24},"end":{"line":228,"column":5}},"78":{"start":{"line":230,"column":27},"end":{"line":230,"column":53}},"79":{"start":{"line":232,"column":4},"end":{"line":243,"column":5}},"80":{"start":{"line":233,"column":6},"end":{"line":242,"column":8}},"81":{"start":{"line":246,"column":21},"end":{"line":246,"column":22}},"82":{"start":{"line":247,"column":24},"end":{"line":247,"column":25}},"83":{"start":{"line":248,"column":22},"end":{"line":248,"column":23}},"84":{"start":{"line":249,"column":26},"end":{"line":249,"column":28}},"85":{"start":{"line":250,"column":21},"end":{"line":250,"column":23}},"86":{"start":{"line":253,"column":4},"end":{"line":258,"column":5}},"87":{"start":{"line":253,"column":17},"end":{"line":253,"column":18}},"88":{"start":{"line":254,"column":19},"end":{"line":254,"column":29}},"89":{"start":{"line":255,"column":6},"end":{"line":255,"column":39}},"90":{"start":{"line":256,"column":22},"end":{"line":256,"column":54}},"91":{"start":{"line":257,"column":6},"end":{"line":257,"column":28}},"92":{"start":{"line":261,"column":4},"end":{"line":290,"column":7}},"93":{"start":{"line":262,"column":20},"end":{"line":262,"column":30}},"94":{"start":{"line":265,"column":6},"end":{"line":269,"column":7}},"95":{"start":{"line":266,"column":8},"end":{"line":266,"column":21}},"96":{"start":{"line":267,"column":13},"end":{"line":269,"column":7}},"97":{"start":{"line":268,"column":8},"end":{"line":268,"column":24}},"98":{"start":{"line":272,"column":6},"end":{"line":274,"column":7}},"99":{"start":{"line":273,"column":8},"end":{"line":273,"column":38}},"100":{"start":{"line":277,"column":6},"end":{"line":283,"column":7}},"101":{"start":{"line":278,"column":8},"end":{"line":282,"column":11}},"102":{"start":{"line":279,"column":10},"end":{"line":281,"column":11}},"103":{"start":{"line":280,"column":12},"end":{"line":280,"column":83}},"104":{"start":{"line":286,"column":24},"end":{"line":286,"column":76}},"105":{"start":{"line":287,"column":6},"end":{"line":289,"column":7}},"106":{"start":{"line":288,"column":8},"end":{"line":288,"column":30}},"107":{"start":{"line":293,"column":18},"end":{"line":298,"column":9}},"108":{"start":{"line":295,"column":20},"end":{"line":298,"column":7}},"109":{"start":{"line":301,"column":24},"end":{"line":301,"column":43}},"110":{"start":{"line":302,"column":28},"end":{"line":302,"column":77}},"111":{"start":{"line":304,"column":4},"end":{"line":313,"column":6}},"112":{"start":{"line":315,"column":4},"end":{"line":315,"column":16}},"113":{"start":{"line":320,"column":32},"end":{"line":478,"column":1}},"114":{"start":{"line":321,"column":2},"end":{"line":477,"column":3}},"115":{"start":{"line":323,"column":18},"end":{"line":323,"column":45}},"116":{"start":{"line":325,"column":4},"end":{"line":327,"column":5}},"117":{"start":{"line":326,"column":6},"end":{"line":326,"column":41}},"118":{"start":{"line":330,"column":22},"end":{"line":330,"column":63}},"119":{"start":{"line":333,"column":27},"end":{"line":333,"column":29}},"120":{"start":{"line":334,"column":4},"end":{"line":342,"column":5}},"121":{"start":{"line":335,"column":6},"end":{"line":341,"column":18}},"122":{"start":{"line":335,"column":51},"end":{"line":341,"column":7}},"123":{"start":{"line":345,"column":24},"end":{"line":445,"column":5}},"124":{"start":{"line":433,"column":36},"end":{"line":435,"column":11}},"125":{"start":{"line":448,"column":20},"end":{"line":448,"column":71}},"126":{"start":{"line":451,"column":31},"end":{"line":451,"column":63}},"127":{"start":{"line":453,"column":4},"end":{"line":474,"column":5}},"128":{"start":{"line":455,"column":24},"end":{"line":455,"column":87}},"129":{"start":{"line":456,"column":22},"end":{"line":456,"column":68}},"130":{"start":{"line":459,"column":26},"end":{"line":459,"column":64}},"131":{"start":{"line":460,"column":6},"end":{"line":463,"column":9}},"132":{"start":{"line":466,"column":6},"end":{"line":466,"column":44}},"133":{"start":{"line":468,"column":6},"end":{"line":471,"column":8}},"134":{"start":{"line":473,"column":6},"end":{"line":473,"column":65}},"135":{"start":{"line":476,"column":4},"end":{"line":476,"column":16}},"136":{"start":{"line":481,"column":33},"end":{"line":512,"column":1}},"137":{"start":{"line":482,"column":2},"end":{"line":511,"column":3}},"138":{"start":{"line":483,"column":4},"end":{"line":485,"column":5}},"139":{"start":{"line":484,"column":6},"end":{"line":484,"column":53}},"140":{"start":{"line":488,"column":22},"end":{"line":488,"column":85}},"141":{"start":{"line":489,"column":26},"end":{"line":489,"column":72}},"142":{"start":{"line":490,"column":20},"end":{"line":490,"column":64}},"143":{"start":{"line":493,"column":30},"end":{"line":501,"column":5}},"144":{"start":{"line":498,"column":25},"end":{"line":498,"column":104}},"145":{"start":{"line":499,"column":8},"end":{"line":499,"column":61}},"146":{"start":{"line":503,"column":20},"end":{"line":503,"column":59}},"147":{"start":{"line":505,"column":4},"end":{"line":508,"column":6}},"148":{"start":{"line":510,"column":4},"end":{"line":510,"column":16}}},"fnMap":{"0":{"name":"(anonymous_0)","decl":{"start":{"line":21,"column":35},"end":{"line":21,"column":36}},"loc":{"start":{"line":21,"column":54},"end":{"line":57,"column":1}},"line":21},"1":{"name":"(anonymous_1)","decl":{"start":{"line":60,"column":30},"end":{"line":60,"column":31}},"loc":{"start":{"line":60,"column":85},"end":{"line":120,"column":1}},"line":60},"2":{"name":"(anonymous_2)","decl":{"start":{"line":123,"column":28},"end":{"line":123,"column":29}},"loc":{"start":{"line":123,"column":47},"end":{"line":152,"column":1}},"line":123},"3":{"name":"(anonymous_3)","decl":{"start":{"line":155,"column":31},"end":{"line":155,"column":32}},"loc":{"start":{"line":155,"column":50},"end":{"line":167,"column":1}},"line":155},"4":{"name":"(anonymous_4)","decl":{"start":{"line":170,"column":40},"end":{"line":170,"column":41}},"loc":{"start":{"line":170,"column":59},"end":{"line":182,"column":1}},"line":170},"5":{"name":"(anonymous_5)","decl":{"start":{"line":185,"column":28},"end":{"line":185,"column":29}},"loc":{"start":{"line":185,"column":53},"end":{"line":212,"column":1}},"line":185},"6":{"name":"(anonymous_6)","decl":{"start":{"line":215,"column":34},"end":{"line":215,"column":35}},"loc":{"start":{"line":215,"column":69},"end":{"line":317,"column":1}},"line":215},"7":{"name":"(anonymous_7)","decl":{"start":{"line":261,"column":27},"end":{"line":261,"column":28}},"loc":{"start":{"line":261,"column":34},"end":{"line":290,"column":5}},"line":261},"8":{"name":"(anonymous_8)","decl":{"start":{"line":278,"column":30},"end":{"line":278,"column":31}},"loc":{"start":{"line":278,"column":38},"end":{"line":282,"column":9}},"line":278},"9":{"name":"(anonymous_9)","decl":{"start":{"line":295,"column":11},"end":{"line":295,"column":12}},"loc":{"start":{"line":295,"column":20},"end":{"line":298,"column":7}},"line":295},"10":{"name":"(anonymous_10)","decl":{"start":{"line":320,"column":32},"end":{"line":320,"column":33}},"loc":{"start":{"line":320,"column":51},"end":{"line":478,"column":1}},"line":320},"11":{"name":"(anonymous_11)","decl":{"start":{"line":335,"column":43},"end":{"line":335,"column":44}},"loc":{"start":{"line":335,"column":51},"end":{"line":341,"column":7}},"line":335},"12":{"name":"(anonymous_12)","decl":{"start":{"line":433,"column":28},"end":{"line":433,"column":29}},"loc":{"start":{"line":433,"column":36},"end":{"line":435,"column":11}},"line":433},"13":{"name":"(anonymous_13)","decl":{"start":{"line":481,"column":33},"end":{"line":481,"column":34}},"loc":{"start":{"line":481,"column":50},"end":{"line":512,"column":1}},"line":481},"14":{"name":"(anonymous_14)","decl":{"start":{"line":497,"column":6},"end":{"line":497,"column":7}},"loc":{"start":{"line":497,"column":26},"end":{"line":500,"column":7}},"line":497}},"branchMap":{"0":{"loc":{"start":{"line":32,"column":4},"end":{"line":34,"column":5}},"type":"if","locations":[{"start":{"line":32,"column":4},"end":{"line":34,"column":5}},{"start":{},"end":{}}],"line":32},"1":{"loc":{"start":{"line":41,"column":4},"end":{"line":47,"column":5}},"type":"if","locations":[{"start":{"line":41,"column":4},"end":{"line":47,"column":5}},{"start":{},"end":{}}],"line":41},"2":{"loc":{"start":{"line":60,"column":46},"end":{"line":60,"column":65}},"type":"default-arg","locations":[{"start":{"line":60,"column":61},"end":{"line":60,"column":65}}],"line":60},"3":{"loc":{"start":{"line":60,"column":67},"end":{"line":60,"column":80}},"type":"default-arg","locations":[{"start":{"line":60,"column":78},"end":{"line":60,"column":80}}],"line":60},"4":{"loc":{"start":{"line":64,"column":4},"end":{"line":79,"column":5}},"type":"if","locations":[{"start":{"line":64,"column":4},"end":{"line":79,"column":5}},{"start":{"line":72,"column":11},"end":{"line":79,"column":5}}],"line":64},"5":{"loc":{"start":{"line":83,"column":4},"end":{"line":88,"column":5}},"type":"if","locations":[{"start":{"line":83,"column":4},"end":{"line":88,"column":5}},{"start":{},"end":{}}],"line":83},"6":{"loc":{"start":{"line":98,"column":6},"end":{"line":104,"column":7}},"type":"if","locations":[{"start":{"line":98,"column":6},"end":{"line":104,"column":7}},{"start":{},"end":{}}],"line":98},"7":{"loc":{"start":{"line":128,"column":4},"end":{"line":130,"column":5}},"type":"if","locations":[{"start":{"line":128,"column":4},"end":{"line":130,"column":5}},{"start":{},"end":{}}],"line":128},"8":{"loc":{"start":{"line":136,"column":4},"end":{"line":142,"column":5}},"type":"if","locations":[{"start":{"line":136,"column":4},"end":{"line":142,"column":5}},{"start":{},"end":{}}],"line":136},"9":{"loc":{"start":{"line":190,"column":4},"end":{"line":192,"column":5}},"type":"if","locations":[{"start":{"line":190,"column":4},"end":{"line":192,"column":5}},{"start":{},"end":{}}],"line":190},"10":{"loc":{"start":{"line":195,"column":18},"end":{"line":195,"column":39}},"type":"binary-expr","locations":[{"start":{"line":195,"column":18},"end":{"line":195,"column":33}},{"start":{"line":195,"column":37},"end":{"line":195,"column":39}}],"line":195},"11":{"loc":{"start":{"line":215,"column":50},"end":{"line":215,"column":64}},"type":"default-arg","locations":[{"start":{"line":215,"column":62},"end":{"line":215,"column":64}}],"line":215},"12":{"loc":{"start":{"line":232,"column":4},"end":{"line":243,"column":5}},"type":"if","locations":[{"start":{"line":232,"column":4},"end":{"line":243,"column":5}},{"start":{},"end":{}}],"line":232},"13":{"loc":{"start":{"line":265,"column":6},"end":{"line":269,"column":7}},"type":"if","locations":[{"start":{"line":265,"column":6},"end":{"line":269,"column":7}},{"start":{"line":267,"column":13},"end":{"line":269,"column":7}}],"line":265},"14":{"loc":{"start":{"line":267,"column":13},"end":{"line":269,"column":7}},"type":"if","locations":[{"start":{"line":267,"column":13},"end":{"line":269,"column":7}},{"start":{},"end":{}}],"line":267},"15":{"loc":{"start":{"line":272,"column":6},"end":{"line":274,"column":7}},"type":"if","locations":[{"start":{"line":272,"column":6},"end":{"line":274,"column":7}},{"start":{},"end":{}}],"line":272},"16":{"loc":{"start":{"line":277,"column":6},"end":{"line":283,"column":7}},"type":"if","locations":[{"start":{"line":277,"column":6},"end":{"line":283,"column":7}},{"start":{},"end":{}}],"line":277},"17":{"loc":{"start":{"line":277,"column":10},"end":{"line":277,"column":55}},"type":"binary-expr","locations":[{"start":{"line":277,"column":10},"end":{"line":277,"column":23}},{"start":{"line":277,"column":27},"end":{"line":277,"column":55}}],"line":277},"18":{"loc":{"start":{"line":279,"column":10},"end":{"line":281,"column":11}},"type":"if","locations":[{"start":{"line":279,"column":10},"end":{"line":281,"column":11}},{"start":{},"end":{}}],"line":279},"19":{"loc":{"start":{"line":280,"column":44},"end":{"line":280,"column":77}},"type":"binary-expr","locations":[{"start":{"line":280,"column":44},"end":{"line":280,"column":72}},{"start":{"line":280,"column":76},"end":{"line":280,"column":77}}],"line":280},"20":{"loc":{"start":{"line":287,"column":6},"end":{"line":289,"column":7}},"type":"if","locations":[{"start":{"line":287,"column":6},"end":{"line":289,"column":7}},{"start":{},"end":{}}],"line":287},"21":{"loc":{"start":{"line":302,"column":28},"end":{"line":302,"column":77}},"type":"cond-expr","locations":[{"start":{"line":302,"column":47},"end":{"line":302,"column":72}},{"start":{"line":302,"column":76},"end":{"line":302,"column":77}}],"line":302},"22":{"loc":{"start":{"line":325,"column":4},"end":{"line":327,"column":5}},"type":"if","locations":[{"start":{"line":325,"column":4},"end":{"line":327,"column":5}},{"start":{},"end":{}}],"line":325},"23":{"loc":{"start":{"line":334,"column":4},"end":{"line":342,"column":5}},"type":"if","locations":[{"start":{"line":334,"column":4},"end":{"line":342,"column":5}},{"start":{},"end":{}}],"line":334},"24":{"loc":{"start":{"line":334,"column":8},"end":{"line":334,"column":53}},"type":"binary-expr","locations":[{"start":{"line":334,"column":8},"end":{"line":334,"column":21}},{"start":{"line":334,"column":25},"end":{"line":334,"column":53}}],"line":334},"25":{"loc":{"start":{"line":337,"column":16},"end":{"line":337,"column":38}},"type":"binary-expr","locations":[{"start":{"line":337,"column":16},"end":{"line":337,"column":25}},{"start":{"line":337,"column":29},"end":{"line":337,"column":38}}],"line":337},"26":{"loc":{"start":{"line":338,"column":25},"end":{"line":338,"column":57}},"type":"binary-expr","locations":[{"start":{"line":338,"column":25},"end":{"line":338,"column":38}},{"start":{"line":338,"column":42},"end":{"line":338,"column":57}}],"line":338},"27":{"loc":{"start":{"line":339,"column":25},"end":{"line":339,"column":51}},"type":"binary-expr","locations":[{"start":{"line":339,"column":25},"end":{"line":339,"column":38}},{"start":{"line":339,"column":42},"end":{"line":339,"column":51}}],"line":339},"28":{"loc":{"start":{"line":365,"column":32},"end":{"line":365,"column":78}},"type":"cond-expr","locations":[{"start":{"line":365,"column":57},"end":{"line":365,"column":66}},{"start":{"line":365,"column":69},"end":{"line":365,"column":78}}],"line":365},"29":{"loc":{"start":{"line":405,"column":16},"end":{"line":405,"column":80}},"type":"cond-expr","locations":[{"start":{"line":405,"column":41},"end":{"line":405,"column":61}},{"start":{"line":405,"column":64},"end":{"line":405,"column":80}}],"line":405},"30":{"loc":{"start":{"line":413,"column":12},"end":{"line":413,"column":87}},"type":"cond-expr","locations":[{"start":{"line":413,"column":29},"end":{"line":413,"column":82}},{"start":{"line":413,"column":85},"end":{"line":413,"column":87}}],"line":413},"31":{"loc":{"start":{"line":419,"column":14},"end":{"line":419,"column":65}},"type":"binary-expr","locations":[{"start":{"line":419,"column":14},"end":{"line":419,"column":33}},{"start":{"line":419,"column":37},"end":{"line":419,"column":65}}],"line":419},"32":{"loc":{"start":{"line":423,"column":10},"end":{"line":428,"column":14}},"type":"cond-expr","locations":[{"start":{"line":423,"column":54},"end":{"line":428,"column":9}},{"start":{"line":428,"column":12},"end":{"line":428,"column":14}}],"line":423},"33":{"loc":{"start":{"line":423,"column":10},"end":{"line":423,"column":51}},"type":"binary-expr","locations":[{"start":{"line":423,"column":10},"end":{"line":423,"column":23}},{"start":{"line":423,"column":27},"end":{"line":423,"column":51}}],"line":423},"34":{"loc":{"start":{"line":430,"column":10},"end":{"line":437,"column":14}},"type":"cond-expr","locations":[{"start":{"line":430,"column":50},"end":{"line":437,"column":9}},{"start":{"line":437,"column":12},"end":{"line":437,"column":14}}],"line":430},"35":{"loc":{"start":{"line":430,"column":10},"end":{"line":430,"column":47}},"type":"binary-expr","locations":[{"start":{"line":430,"column":10},"end":{"line":430,"column":21}},{"start":{"line":430,"column":25},"end":{"line":430,"column":47}}],"line":430},"36":{"loc":{"start":{"line":453,"column":4},"end":{"line":474,"column":5}},"type":"if","locations":[{"start":{"line":453,"column":4},"end":{"line":474,"column":5}},{"start":{"line":472,"column":11},"end":{"line":474,"column":5}}],"line":453},"37":{"loc":{"start":{"line":483,"column":4},"end":{"line":485,"column":5}},"type":"if","locations":[{"start":{"line":483,"column":4},"end":{"line":485,"column":5}},{"start":{},"end":{}}],"line":483}},"s":{"0":0,"1":0,"2":0,"3":0,"4":0,"5":0,"6":0,"7":0,"8":0,"9":0,"10":0,"11":0,"12":0,"13":0,"14":0,"15":0,"16":0,"17":0,"18":0,"19":0,"20":0,"21":0,"22":0,"23":0,"24":0,"25":0,"26":0,"27":0,"28":0,"29":0,"30":0,"31":0,"32":0,"33":0,"34":0,"35":0,"36":0,"37":0,"38":0,"39":0,"40":0,"41":0,"42":0,"43":0,"44":0,"45":0,"46":0,"47":0,"48":0,"49":0,"50":0,"51":0,"52":0,"53":0,"54":0,"55":0,"56":0,"57":0,"58":0,"59":0,"60":0,"61":0,"62":0,"63":0,"64":0,"65":0,"66":0,"67":0,"68":0,"69":0,"70":0,"71":0,"72":0,"73":0,"74":0,"75":0,"76":0,"77":0,"78":0,"79":0,"80":0,"81":0,"82":0,"83":0,"84":0,"85":0,"86":0,"87":0,"88":0,"89":0,"90":0,"91":0,"92":0,"93":0,"94":0,"95":0,"96":0,"97":0,"98":0,"99":0,"100":0,"101":0,"102":0,"103":0,"104":0,"105":0,"106":0,"107":0,"108":0,"109":0,"110":0,"111":0,"112":0,"113":0,"114":0,"115":0,"116":0,"117":0,"118":0,"119":0,"120":0,"121":0,"122":0,"123":0,"124":0,"125":0,"126":0,"127":0,"128":0,"129":0,"130":0,"131":0,"132":0,"133":0,"134":0,"135":0,"136":0,"137":0,"138":0,"139":0,"140":0,"141":0,"142":0,"143":0,"144":0,"145":0,"146":0,"147":0,"148":0},"f":{"0":0,"1":0,"2":0,"3":0,"4":0,"5":0,"6":0,"7":0,"8":0,"9":0,"10":0,"11":0,"12":0,"13":0,"14":0},"b":{"0":[0,0],"1":[0,0],"2":[0],"3":[0],"4":[0,0],"5":[0,0],"6":[0,0],"7":[0,0],"8":[0,0],"9":[0,0],"10":[0,0],"11":[0],"12":[0,0],"13":[0,0],"14":[0,0],"15":[0,0],"16":[0,0],"17":[0,0],"18":[0,0],"19":[0,0],"20":[0,0],"21":[0,0],"22":[0,0],"23":[0,0],"24":[0,0],"25":[0,0],"26":[0,0],"27":[0,0],"28":[0,0],"29":[0,0],"30":[0,0],"31":[0,0],"32":[0,0],"33":[0,0],"34":[0,0],"35":[0,0],"36":[0,0],"37":[0,0]}}
,"/Users/apurwakhanal/ToxiMobile/ToxiGuard/src/services/authService.js": {"path":"/Users/apurwakhanal/ToxiMobile/ToxiGuard/src/services/authService.js","statementMap":{"0":{"start":{"line":17,"column":28},"end":{"line":47,"column":1}},"1":{"start":{"line":18,"column":2},"end":{"line":46,"column":3}},"2":{"start":{"line":19,"column":27},"end":{"line":19,"column":86}},"3":{"start":{"line":20,"column":17},"end":{"line":20,"column":36}},"4":{"start":{"line":23,"column":4},"end":{"line":23,"column":47}},"5":{"start":{"line":26,"column":4},"end":{"line":26,"column":38}},"6":{"start":{"line":29,"column":4},"end":{"line":41,"column":7}},"7":{"start":{"line":43,"column":4},"end":{"line":43,"column":16}},"8":{"start":{"line":45,"column":4},"end":{"line":45,"column":16}},"9":{"start":{"line":50,"column":25},"end":{"line":64,"column":1}},"10":{"start":{"line":51,"column":2},"end":{"line":63,"column":3}},"11":{"start":{"line":52,"column":27},"end":{"line":52,"column":82}},"12":{"start":{"line":55,"column":23},"end":{"line":55,"column":64}},"13":{"start":{"line":56,"column":4},"end":{"line":58,"column":7}},"14":{"start":{"line":60,"column":4},"end":{"line":60,"column":31}},"15":{"start":{"line":62,"column":4},"end":{"line":62,"column":16}},"16":{"start":{"line":67,"column":26},"end":{"line":74,"column":1}},"17":{"start":{"line":68,"column":2},"end":{"line":73,"column":3}},"18":{"start":{"line":69,"column":4},"end":{"line":69,"column":24}},"19":{"start":{"line":70,"column":4},"end":{"line":70,"column":16}},"20":{"start":{"line":72,"column":4},"end":{"line":72,"column":16}},"21":{"start":{"line":77,"column":29},"end":{"line":84,"column":1}},"22":{"start":{"line":78,"column":2},"end":{"line":83,"column":3}},"23":{"start":{"line":79,"column":4},"end":{"line":79,"column":46}},"24":{"start":{"line":80,"column":4},"end":{"line":80,"column":16}},"25":{"start":{"line":82,"column":4},"end":{"line":82,"column":16}},"26":{"start":{"line":87,"column":30},"end":{"line":100,"column":1}},"27":{"start":{"line":88,"column":2},"end":{"line":99,"column":3}},"28":{"start":{"line":89,"column":23},"end":{"line":89,"column":47}},"29":{"start":{"line":90,"column":20},"end":{"line":90,"column":44}},"30":{"start":{"line":92,"column":4},"end":{"line":96,"column":5}},"31":{"start":{"line":93,"column":6},"end":{"line":93,"column":28}},"32":{"start":{"line":95,"column":6},"end":{"line":95,"column":48}},"33":{"start":{"line":98,"column":4},"end":{"line":98,"column":16}},"34":{"start":{"line":103,"column":33},"end":{"line":122,"column":1}},"35":{"start":{"line":104,"column":2},"end":{"line":121,"column":3}},"36":{"start":{"line":105,"column":23},"end":{"line":105,"column":47}},"37":{"start":{"line":106,"column":4},"end":{"line":109,"column":7}},"38":{"start":{"line":112,"column":4},"end":{"line":116,"column":5}},"39":{"start":{"line":113,"column":6},"end":{"line":115,"column":9}},"40":{"start":{"line":118,"column":4},"end":{"line":118,"column":16}},"41":{"start":{"line":120,"column":4},"end":{"line":120,"column":16}},"42":{"start":{"line":125,"column":31},"end":{"line":150,"column":1}},"43":{"start":{"line":126,"column":2},"end":{"line":149,"column":3}},"44":{"start":{"line":127,"column":17},"end":{"line":127,"column":33}},"45":{"start":{"line":130,"column":23},"end":{"line":130,"column":73}},"46":{"start":{"line":131,"column":4},"end":{"line":131,"column":57}},"47":{"start":{"line":134,"column":4},"end":{"line":134,"column":38}},"48":{"start":{"line":137,"column":23},"end":{"line":137,"column":49}},"49":{"start":{"line":138,"column":4},"end":{"line":141,"column":7}},"50":{"start":{"line":144,"column":4},"end":{"line":144,"column":38}},"51":{"start":{"line":146,"column":4},"end":{"line":146,"column":16}},"52":{"start":{"line":148,"column":4},"end":{"line":148,"column":16}},"53":{"start":{"line":153,"column":34},"end":{"line":168,"column":1}},"54":{"start":{"line":154,"column":2},"end":{"line":167,"column":3}},"55":{"start":{"line":155,"column":17},"end":{"line":155,"column":33}},"56":{"start":{"line":158,"column":23},"end":{"line":158,"column":80}},"57":{"start":{"line":159,"column":4},"end":{"line":159,"column":57}},"58":{"start":{"line":162,"column":4},"end":{"line":162,"column":44}},"59":{"start":{"line":164,"column":4},"end":{"line":164,"column":16}},"60":{"start":{"line":166,"column":4},"end":{"line":166,"column":16}},"61":{"start":{"line":171,"column":30},"end":{"line":189,"column":1}},"62":{"start":{"line":172,"column":2},"end":{"line":188,"column":3}},"63":{"start":{"line":174,"column":26},"end":{"line":174,"column":86}},"64":{"start":{"line":175,"column":4},"end":{"line":181,"column":7}},"65":{"start":{"line":185,"column":4},"end":{"line":185,"column":16}},"66":{"start":{"line":187,"column":4},"end":{"line":187,"column":16}},"67":{"start":{"line":192,"column":40},"end":{"line":250,"column":1}},"68":{"start":{"line":193,"column":2},"end":{"line":249,"column":3}},"69":{"start":{"line":195,"column":26},"end":{"line":195,"column":70}},"70":{"start":{"line":196,"column":26},"end":{"line":196,"column":53}},"71":{"start":{"line":198,"column":4},"end":{"line":200,"column":5}},"72":{"start":{"line":199,"column":6},"end":{"line":199,"column":46}},"73":{"start":{"line":202,"column":27},"end":{"line":202,"column":47}},"74":{"start":{"line":205,"column":4},"end":{"line":209,"column":7}},"75":{"start":{"line":212,"column":23},"end":{"line":212,"column":65}},"76":{"start":{"line":213,"column":23},"end":{"line":213,"column":47}},"77":{"start":{"line":215,"column":4},"end":{"line":227,"column":5}},"78":{"start":{"line":216,"column":26},"end":{"line":216,"column":43}},"79":{"start":{"line":217,"column":31},"end":{"line":222,"column":8}},"80":{"start":{"line":224,"column":6},"end":{"line":226,"column":9}},"81":{"start":{"line":230,"column":24},"end":{"line":230,"column":52}},"82":{"start":{"line":231,"column":24},"end":{"line":231,"column":49}},"83":{"start":{"line":233,"column":4},"end":{"line":244,"column":5}},"84":{"start":{"line":234,"column":27},"end":{"line":234,"column":45}},"85":{"start":{"line":235,"column":31},"end":{"line":239,"column":8}},"86":{"start":{"line":241,"column":6},"end":{"line":243,"column":9}},"87":{"start":{"line":246,"column":4},"end":{"line":246,"column":16}},"88":{"start":{"line":248,"column":4},"end":{"line":248,"column":16}}},"fnMap":{"0":{"name":"(anonymous_0)","decl":{"start":{"line":17,"column":28},"end":{"line":17,"column":29}},"loc":{"start":{"line":17,"column":68},"end":{"line":47,"column":1}},"line":17},"1":{"name":"(anonymous_1)","decl":{"start":{"line":50,"column":25},"end":{"line":50,"column":26}},"loc":{"start":{"line":50,"column":52},"end":{"line":64,"column":1}},"line":50},"2":{"name":"(anonymous_2)","decl":{"start":{"line":67,"column":26},"end":{"line":67,"column":27}},"loc":{"start":{"line":67,"column":38},"end":{"line":74,"column":1}},"line":67},"3":{"name":"(anonymous_3)","decl":{"start":{"line":77,"column":29},"end":{"line":77,"column":30}},"loc":{"start":{"line":77,"column":46},"end":{"line":84,"column":1}},"line":77},"4":{"name":"(anonymous_4)","decl":{"start":{"line":87,"column":30},"end":{"line":87,"column":31}},"loc":{"start":{"line":87,"column":48},"end":{"line":100,"column":1}},"line":87},"5":{"name":"(anonymous_5)","decl":{"start":{"line":103,"column":33},"end":{"line":103,"column":34}},"loc":{"start":{"line":103,"column":64},"end":{"line":122,"column":1}},"line":103},"6":{"name":"(anonymous_6)","decl":{"start":{"line":125,"column":31},"end":{"line":125,"column":32}},"loc":{"start":{"line":125,"column":61},"end":{"line":150,"column":1}},"line":125},"7":{"name":"(anonymous_7)","decl":{"start":{"line":153,"column":34},"end":{"line":153,"column":35}},"loc":{"start":{"line":153,"column":74},"end":{"line":168,"column":1}},"line":153},"8":{"name":"(anonymous_8)","decl":{"start":{"line":171,"column":30},"end":{"line":171,"column":31}},"loc":{"start":{"line":171,"column":63},"end":{"line":189,"column":1}},"line":171},"9":{"name":"(anonymous_9)","decl":{"start":{"line":192,"column":40},"end":{"line":192,"column":41}},"loc":{"start":{"line":192,"column":76},"end":{"line":250,"column":1}},"line":192}},"branchMap":{"0":{"loc":{"start":{"line":92,"column":4},"end":{"line":96,"column":5}},"type":"if","locations":[{"start":{"line":92,"column":4},"end":{"line":96,"column":5}},{"start":{"line":94,"column":11},"end":{"line":96,"column":5}}],"line":92},"1":{"loc":{"start":{"line":112,"column":4},"end":{"line":116,"column":5}},"type":"if","locations":[{"start":{"line":112,"column":4},"end":{"line":116,"column":5}},{"start":{},"end":{}}],"line":112},"2":{"loc":{"start":{"line":112,"column":8},"end":{"line":112,"column":51}},"type":"binary-expr","locations":[{"start":{"line":112,"column":8},"end":{"line":112,"column":31}},{"start":{"line":112,"column":35},"end":{"line":112,"column":51}}],"line":112},"3":{"loc":{"start":{"line":198,"column":4},"end":{"line":200,"column":5}},"type":"if","locations":[{"start":{"line":198,"column":4},"end":{"line":200,"column":5}},{"start":{},"end":{}}],"line":198},"4":{"loc":{"start":{"line":215,"column":4},"end":{"line":227,"column":5}},"type":"if","locations":[{"start":{"line":215,"column":4},"end":{"line":227,"column":5}},{"start":{},"end":{}}],"line":215},"5":{"loc":{"start":{"line":217,"column":36},"end":{"line":217,"column":63}},"type":"binary-expr","locations":[{"start":{"line":217,"column":36},"end":{"line":217,"column":57}},{"start":{"line":217,"column":61},"end":{"line":217,"column":63}}],"line":217},"6":{"loc":{"start":{"line":233,"column":4},"end":{"line":244,"column":5}},"type":"if","locations":[{"start":{"line":233,"column":4},"end":{"line":244,"column":5}},{"start":{},"end":{}}],"line":233},"7":{"loc":{"start":{"line":235,"column":36},"end":{"line":235,"column":64}},"type":"binary-expr","locations":[{"start":{"line":235,"column":36},"end":{"line":235,"column":58}},{"start":{"line":235,"column":62},"end":{"line":235,"column":64}}],"line":235}},"s":{"0":0,"1":0,"2":0,"3":0,"4":0,"5":0,"6":0,"7":0,"8":0,"9":0,"10":0,"11":0,"12":0,"13":0,"14":0,"15":0,"16":0,"17":0,"18":0,"19":0,"20":0,"21":0,"22":0,"23":0,"24":0,"25":0,"26":0,"27":0,"28":0,"29":0,"30":0,"31":0,"32":0,"33":0,"34":0,"35":0,"36":0,"37":0,"38":0,"39":0,"40":0,"41":0,"42":0,"43":0,"44":0,"45":0,"46":0,"47":0,"48":0,"49":0,"50":0,"51":0,"52":0,"53":0,"54":0,"55":0,"56":0,"57":0,"58":0,"59":0,"60":0,"61":0,"62":0,"63":0,"64":0,"65":0,"66":0,"67":0,"68":0,"69":0,"70":0,"71":0,"72":0,"73":0,"74":0,"75":0,"76":0,"77":0,"78":0,"79":0,"80":0,"81":0,"82":0,"83":0,"84":0,"85":0,"86":0,"87":0,"88":0},"f":{"0":0,"1":0,"2":0,"3":0,"4":0,"5":0,"6":0,"7":0,"8":0,"9":0},"b":{"0":[0,0],"1":[0,0],"2":[0,0],"3":[0,0],"4":[0,0],"5":[0,0],"6":[0,0],"7":[0,0]}}
,"/Users/apurwakhanal/ToxiMobile/ToxiGuard/src/services/childService.js": {"path":"/Users/apurwakhanal/ToxiMobile/ToxiGuard/src/services/childService.js","statementMap":{"0":{"start":{"line":18,"column":34},"end":{"line":65,"column":1}},"1":{"start":{"line":19,"column":2},"end":{"line":64,"column":3}},"2":{"start":{"line":21,"column":21},"end":{"line":21,"column":52}},"3":{"start":{"line":24,"column":25},"end":{"line":47,"column":5}},"4":{"start":{"line":50,"column":4},"end":{"line":50,"column":41}},"5":{"start":{"line":53,"column":20},"end":{"line":53,"column":44}},"6":{"start":{"line":54,"column":4},"end":{"line":56,"column":7}},"7":{"start":{"line":58,"column":4},"end":{"line":61,"column":6}},"8":{"start":{"line":63,"column":4},"end":{"line":63,"column":16}},"9":{"start":{"line":68,"column":31},"end":{"line":84,"column":1}},"10":{"start":{"line":69,"column":2},"end":{"line":83,"column":3}},"11":{"start":{"line":70,"column":21},"end":{"line":70,"column":49}},"12":{"start":{"line":71,"column":21},"end":{"line":71,"column":43}},"13":{"start":{"line":73,"column":4},"end":{"line":80,"column":5}},"14":{"start":{"line":74,"column":6},"end":{"line":77,"column":8}},"15":{"start":{"line":79,"column":6},"end":{"line":79,"column":49}},"16":{"start":{"line":82,"column":4},"end":{"line":82,"column":16}},"17":{"start":{"line":87,"column":31},"end":{"line":132,"column":1}},"18":{"start":{"line":88,"column":2},"end":{"line":131,"column":3}},"19":{"start":{"line":90,"column":20},"end":{"line":90,"column":44}},"20":{"start":{"line":91,"column":20},"end":{"line":91,"column":41}},"21":{"start":{"line":93,"column":4},"end":{"line":95,"column":5}},"22":{"start":{"line":94,"column":6},"end":{"line":94,"column":40}},"23":{"start":{"line":97,"column":21},"end":{"line":97,"column":35}},"24":{"start":{"line":98,"column":24},"end":{"line":98,"column":47}},"25":{"start":{"line":101,"column":29},"end":{"line":101,"column":31}},"26":{"start":{"line":103,"column":4},"end":{"line":110,"column":5}},"27":{"start":{"line":104,"column":6},"end":{"line":109,"column":7}},"28":{"start":{"line":105,"column":29},"end":{"line":105,"column":59}},"29":{"start":{"line":106,"column":8},"end":{"line":106,"column":44}},"30":{"start":{"line":108,"column":8},"end":{"line":108,"column":73}},"31":{"start":{"line":113,"column":32},"end":{"line":116,"column":5}},"32":{"start":{"line":118,"column":35},"end":{"line":118,"column":69}},"33":{"start":{"line":119,"column":4},"end":{"line":125,"column":7}},"34":{"start":{"line":120,"column":6},"end":{"line":124,"column":9}},"35":{"start":{"line":128,"column":4},"end":{"line":128,"column":73}},"36":{"start":{"line":128,"column":43},"end":{"line":128,"column":71}},"37":{"start":{"line":130,"column":4},"end":{"line":130,"column":16}},"38":{"start":{"line":135,"column":34},"end":{"line":151,"column":1}},"39":{"start":{"line":136,"column":2},"end":{"line":150,"column":3}},"40":{"start":{"line":137,"column":21},"end":{"line":137,"column":49}},"41":{"start":{"line":140,"column":44},"end":{"line":140,"column":54}},"42":{"start":{"line":142,"column":4},"end":{"line":145,"column":7}},"43":{"start":{"line":147,"column":4},"end":{"line":147,"column":16}},"44":{"start":{"line":149,"column":4},"end":{"line":149,"column":16}},"45":{"start":{"line":154,"column":34},"end":{"line":212,"column":1}},"46":{"start":{"line":155,"column":2},"end":{"line":211,"column":3}},"47":{"start":{"line":157,"column":21},"end":{"line":157,"column":49}},"48":{"start":{"line":158,"column":21},"end":{"line":158,"column":43}},"49":{"start":{"line":160,"column":4},"end":{"line":162,"column":5}},"50":{"start":{"line":161,"column":6},"end":{"line":161,"column":49}},"51":{"start":{"line":164,"column":22},"end":{"line":164,"column":37}},"52":{"start":{"line":167,"column":4},"end":{"line":169,"column":5}},"53":{"start":{"line":168,"column":6},"end":{"line":168,"column":75}},"54":{"start":{"line":172,"column":4},"end":{"line":172,"column":30}},"55":{"start":{"line":175,"column":20},"end":{"line":175,"column":44}},"56":{"start":{"line":176,"column":4},"end":{"line":178,"column":7}},"57":{"start":{"line":181,"column":4},"end":{"line":206,"column":5}},"58":{"start":{"line":182,"column":6},"end":{"line":205,"column":7}},"59":{"start":{"line":183,"column":28},"end":{"line":183,"column":56}},"60":{"start":{"line":184,"column":28},"end":{"line":184,"column":53}},"61":{"start":{"line":186,"column":8},"end":{"line":204,"column":9}},"62":{"start":{"line":188,"column":31},"end":{"line":188,"column":49}},"63":{"start":{"line":189,"column":10},"end":{"line":203,"column":11}},"64":{"start":{"line":190,"column":12},"end":{"line":202,"column":13}},"65":{"start":{"line":190,"column":25},"end":{"line":190,"column":26}},"66":{"start":{"line":191,"column":31},"end":{"line":191,"column":56}},"67":{"start":{"line":192,"column":14},"end":{"line":201,"column":15}},"68":{"start":{"line":194,"column":16},"end":{"line":194,"column":83}},"69":{"start":{"line":194,"column":67},"end":{"line":194,"column":81}},"70":{"start":{"line":197,"column":16},"end":{"line":199,"column":19}},"71":{"start":{"line":200,"column":16},"end":{"line":200,"column":22}},"72":{"start":{"line":208,"column":4},"end":{"line":208,"column":16}},"73":{"start":{"line":210,"column":4},"end":{"line":210,"column":16}},"74":{"start":{"line":215,"column":37},"end":{"line":228,"column":1}},"75":{"start":{"line":216,"column":2},"end":{"line":227,"column":3}},"76":{"start":{"line":217,"column":21},"end":{"line":217,"column":49}},"77":{"start":{"line":219,"column":4},"end":{"line":222,"column":7}},"78":{"start":{"line":224,"column":4},"end":{"line":224,"column":16}},"79":{"start":{"line":226,"column":4},"end":{"line":226,"column":16}},"80":{"start":{"line":231,"column":38},"end":{"line":244,"column":1}},"81":{"start":{"line":232,"column":2},"end":{"line":243,"column":3}},"82":{"start":{"line":233,"column":21},"end":{"line":233,"column":49}},"83":{"start":{"line":235,"column":4},"end":{"line":238,"column":7}},"84":{"start":{"line":240,"column":4},"end":{"line":240,"column":16}},"85":{"start":{"line":242,"column":4},"end":{"line":242,"column":16}},"86":{"start":{"line":247,"column":31},"end":{"line":260,"column":1}},"87":{"start":{"line":248,"column":2},"end":{"line":259,"column":3}},"88":{"start":{"line":249,"column":21},"end":{"line":249,"column":49}},"89":{"start":{"line":251,"column":4},"end":{"line":254,"column":7}},"90":{"start":{"line":256,"column":4},"end":{"line":256,"column":16}},"91":{"start":{"line":258,"column":4},"end":{"line":258,"column":16}},"92":{"start":{"line":263,"column":42},"end":{"line":277,"column":1}},"93":{"start":{"line":264,"column":2},"end":{"line":276,"column":3}},"94":{"start":{"line":265,"column":21},"end":{"line":265,"column":49}},"95":{"start":{"line":267,"column":4},"end":{"line":271,"column":7}},"96":{"start":{"line":273,"column":4},"end":{"line":273,"column":16}},"97":{"start":{"line":275,"column":4},"end":{"line":275,"column":16}},"98":{"start":{"line":280,"column":38},"end":{"line":362,"column":1}},"99":{"start":{"line":281,"column":2},"end":{"line":361,"column":3}},"100":{"start":{"line":282,"column":21},"end":{"line":282,"column":49}},"101":{"start":{"line":283,"column":21},"end":{"line":283,"column":43}},"102":{"start":{"line":285,"column":4},"end":{"line":287,"column":5}},"103":{"start":{"line":286,"column":6},"end":{"line":286,"column":49}},"104":{"start":{"line":290,"column":4},"end":{"line":293,"column":7}},"105":{"start":{"line":296,"column":22},"end":{"line":296,"column":37}},"106":{"start":{"line":297,"column":21},"end":{"line":297,"column":39}},"107":{"start":{"line":299,"column":22},"end":{"line":299,"column":48}},"108":{"start":{"line":300,"column":22},"end":{"line":300,"column":45}},"109":{"start":{"line":302,"column":4},"end":{"line":326,"column":5}},"110":{"start":{"line":303,"column":25},"end":{"line":303,"column":41}},"111":{"start":{"line":304,"column":20},"end":{"line":304,"column":25}},"112":{"start":{"line":306,"column":6},"end":{"line":319,"column":7}},"113":{"start":{"line":307,"column":8},"end":{"line":318,"column":9}},"114":{"start":{"line":307,"column":21},"end":{"line":307,"column":22}},"115":{"start":{"line":308,"column":10},"end":{"line":317,"column":11}},"116":{"start":{"line":310,"column":12},"end":{"line":314,"column":13}},"117":{"start":{"line":311,"column":14},"end":{"line":311,"column":59}},"118":{"start":{"line":312,"column":19},"end":{"line":314,"column":13}},"119":{"start":{"line":313,"column":14},"end":{"line":313,"column":61}},"120":{"start":{"line":315,"column":12},"end":{"line":315,"column":27}},"121":{"start":{"line":316,"column":12},"end":{"line":316,"column":18}},"122":{"start":{"line":321,"column":6},"end":{"line":325,"column":7}},"123":{"start":{"line":322,"column":8},"end":{"line":324,"column":11}},"124":{"start":{"line":329,"column":24},"end":{"line":329,"column":52}},"125":{"start":{"line":330,"column":24},"end":{"line":330,"column":49}},"126":{"start":{"line":332,"column":4},"end":{"line":356,"column":5}},"127":{"start":{"line":333,"column":27},"end":{"line":333,"column":45}},"128":{"start":{"line":334,"column":20},"end":{"line":334,"column":25}},"129":{"start":{"line":336,"column":6},"end":{"line":349,"column":7}},"130":{"start":{"line":337,"column":8},"end":{"line":348,"column":9}},"131":{"start":{"line":337,"column":21},"end":{"line":337,"column":22}},"132":{"start":{"line":338,"column":10},"end":{"line":347,"column":11}},"133":{"start":{"line":340,"column":12},"end":{"line":344,"column":13}},"134":{"start":{"line":341,"column":14},"end":{"line":341,"column":61}},"135":{"start":{"line":342,"column":19},"end":{"line":344,"column":13}},"136":{"start":{"line":343,"column":14},"end":{"line":343,"column":63}},"137":{"start":{"line":345,"column":12},"end":{"line":345,"column":27}},"138":{"start":{"line":346,"column":12},"end":{"line":346,"column":18}},"139":{"start":{"line":351,"column":6},"end":{"line":355,"column":7}},"140":{"start":{"line":352,"column":8},"end":{"line":354,"column":11}},"141":{"start":{"line":358,"column":4},"end":{"line":358,"column":16}},"142":{"start":{"line":360,"column":4},"end":{"line":360,"column":16}},"143":{"start":{"line":365,"column":34},"end":{"line":439,"column":1}},"144":{"start":{"line":366,"column":2},"end":{"line":438,"column":3}},"145":{"start":{"line":367,"column":21},"end":{"line":367,"column":49}},"146":{"start":{"line":368,"column":21},"end":{"line":368,"column":43}},"147":{"start":{"line":370,"column":4},"end":{"line":372,"column":5}},"148":{"start":{"line":371,"column":6},"end":{"line":371,"column":49}},"149":{"start":{"line":375,"column":4},"end":{"line":378,"column":7}},"150":{"start":{"line":381,"column":22},"end":{"line":381,"column":37}},"151":{"start":{"line":382,"column":21},"end":{"line":382,"column":39}},"152":{"start":{"line":384,"column":22},"end":{"line":384,"column":48}},"153":{"start":{"line":385,"column":22},"end":{"line":385,"column":45}},"154":{"start":{"line":387,"column":4},"end":{"line":407,"column":5}},"155":{"start":{"line":388,"column":25},"end":{"line":388,"column":41}},"156":{"start":{"line":389,"column":20},"end":{"line":389,"column":25}},"157":{"start":{"line":391,"column":6},"end":{"line":400,"column":7}},"158":{"start":{"line":392,"column":8},"end":{"line":399,"column":9}},"159":{"start":{"line":392,"column":21},"end":{"line":392,"column":22}},"160":{"start":{"line":393,"column":10},"end":{"line":398,"column":11}},"161":{"start":{"line":395,"column":12},"end":{"line":395,"column":109}},"162":{"start":{"line":395,"column":93},"end":{"line":395,"column":107}},"163":{"start":{"line":396,"column":12},"end":{"line":396,"column":27}},"164":{"start":{"line":397,"column":12},"end":{"line":397,"column":18}},"165":{"start":{"line":402,"column":6},"end":{"line":406,"column":7}},"166":{"start":{"line":403,"column":8},"end":{"line":405,"column":11}},"167":{"start":{"line":410,"column":24},"end":{"line":410,"column":52}},"168":{"start":{"line":411,"column":24},"end":{"line":411,"column":49}},"169":{"start":{"line":413,"column":4},"end":{"line":433,"column":5}},"170":{"start":{"line":414,"column":27},"end":{"line":414,"column":45}},"171":{"start":{"line":415,"column":20},"end":{"line":415,"column":25}},"172":{"start":{"line":417,"column":6},"end":{"line":426,"column":7}},"173":{"start":{"line":418,"column":8},"end":{"line":425,"column":9}},"174":{"start":{"line":418,"column":21},"end":{"line":418,"column":22}},"175":{"start":{"line":419,"column":10},"end":{"line":424,"column":11}},"176":{"start":{"line":421,"column":12},"end":{"line":421,"column":113}},"177":{"start":{"line":421,"column":97},"end":{"line":421,"column":111}},"178":{"start":{"line":422,"column":12},"end":{"line":422,"column":27}},"179":{"start":{"line":423,"column":12},"end":{"line":423,"column":18}},"180":{"start":{"line":428,"column":6},"end":{"line":432,"column":7}},"181":{"start":{"line":429,"column":8},"end":{"line":431,"column":11}},"182":{"start":{"line":435,"column":4},"end":{"line":435,"column":16}},"183":{"start":{"line":437,"column":4},"end":{"line":437,"column":16}}},"fnMap":{"0":{"name":"(anonymous_0)","decl":{"start":{"line":18,"column":34},"end":{"line":18,"column":35}},"loc":{"start":{"line":18,"column":63},"end":{"line":65,"column":1}},"line":18},"1":{"name":"(anonymous_1)","decl":{"start":{"line":68,"column":31},"end":{"line":68,"column":32}},"loc":{"start":{"line":68,"column":50},"end":{"line":84,"column":1}},"line":68},"2":{"name":"(anonymous_2)","decl":{"start":{"line":87,"column":31},"end":{"line":87,"column":32}},"loc":{"start":{"line":87,"column":49},"end":{"line":132,"column":1}},"line":87},"3":{"name":"(anonymous_3)","decl":{"start":{"line":119,"column":35},"end":{"line":119,"column":36}},"loc":{"start":{"line":119,"column":42},"end":{"line":125,"column":5}},"line":119},"4":{"name":"(anonymous_4)","decl":{"start":{"line":128,"column":33},"end":{"line":128,"column":34}},"loc":{"start":{"line":128,"column":43},"end":{"line":128,"column":71}},"line":128},"5":{"name":"(anonymous_5)","decl":{"start":{"line":135,"column":34},"end":{"line":135,"column":35}},"loc":{"start":{"line":135,"column":65},"end":{"line":151,"column":1}},"line":135},"6":{"name":"(anonymous_6)","decl":{"start":{"line":154,"column":34},"end":{"line":154,"column":35}},"loc":{"start":{"line":154,"column":61},"end":{"line":212,"column":1}},"line":154},"7":{"name":"(anonymous_7)","decl":{"start":{"line":194,"column":61},"end":{"line":194,"column":62}},"loc":{"start":{"line":194,"column":67},"end":{"line":194,"column":81}},"line":194},"8":{"name":"(anonymous_8)","decl":{"start":{"line":215,"column":37},"end":{"line":215,"column":38}},"loc":{"start":{"line":215,"column":68},"end":{"line":228,"column":1}},"line":215},"9":{"name":"(anonymous_9)","decl":{"start":{"line":231,"column":38},"end":{"line":231,"column":39}},"loc":{"start":{"line":231,"column":75},"end":{"line":244,"column":1}},"line":231},"10":{"name":"(anonymous_10)","decl":{"start":{"line":247,"column":31},"end":{"line":247,"column":32}},"loc":{"start":{"line":247,"column":61},"end":{"line":260,"column":1}},"line":247},"11":{"name":"(anonymous_11)","decl":{"start":{"line":263,"column":42},"end":{"line":263,"column":43}},"loc":{"start":{"line":263,"column":81},"end":{"line":277,"column":1}},"line":263},"12":{"name":"(anonymous_12)","decl":{"start":{"line":280,"column":38},"end":{"line":280,"column":39}},"loc":{"start":{"line":280,"column":69},"end":{"line":362,"column":1}},"line":280},"13":{"name":"(anonymous_13)","decl":{"start":{"line":365,"column":34},"end":{"line":365,"column":35}},"loc":{"start":{"line":365,"column":65},"end":{"line":439,"column":1}},"line":365},"14":{"name":"(anonymous_14)","decl":{"start":{"line":395,"column":87},"end":{"line":395,"column":88}},"loc":{"start":{"line":395,"column":93},"end":{"line":395,"column":107}},"line":395},"15":{"name":"(anonymous_15)","decl":{"start":{"line":421,"column":91},"end":{"line":421,"column":92}},"loc":{"start":{"line":421,"column":97},"end":{"line":421,"column":111}},"line":421}},"branchMap":{"0":{"loc":{"start":{"line":73,"column":4},"end":{"line":80,"column":5}},"type":"if","locations":[{"start":{"line":73,"column":4},"end":{"line":80,"column":5}},{"start":{"line":78,"column":11},"end":{"line":80,"column":5}}],"line":73},"1":{"loc":{"start":{"line":93,"column":4},"end":{"line":95,"column":5}},"type":"if","locations":[{"start":{"line":93,"column":4},"end":{"line":95,"column":5}},{"start":{},"end":{}}],"line":93},"2":{"loc":{"start":{"line":98,"column":24},"end":{"line":98,"column":47}},"type":"binary-expr","locations":[{"start":{"line":98,"column":24},"end":{"line":98,"column":41}},{"start":{"line":98,"column":45},"end":{"line":98,"column":47}}],"line":98},"3":{"loc":{"start":{"line":160,"column":4},"end":{"line":162,"column":5}},"type":"if","locations":[{"start":{"line":160,"column":4},"end":{"line":162,"column":5}},{"start":{},"end":{}}],"line":160},"4":{"loc":{"start":{"line":167,"column":4},"end":{"line":169,"column":5}},"type":"if","locations":[{"start":{"line":167,"column":4},"end":{"line":169,"column":5}},{"start":{},"end":{}}],"line":167},"5":{"loc":{"start":{"line":181,"column":4},"end":{"line":206,"column":5}},"type":"if","locations":[{"start":{"line":181,"column":4},"end":{"line":206,"column":5}},{"start":{},"end":{}}],"line":181},"6":{"loc":{"start":{"line":181,"column":8},"end":{"line":181,"column":65}},"type":"binary-expr","locations":[{"start":{"line":181,"column":8},"end":{"line":181,"column":29}},{"start":{"line":181,"column":33},"end":{"line":181,"column":65}}],"line":181},"7":{"loc":{"start":{"line":186,"column":8},"end":{"line":204,"column":9}},"type":"if","locations":[{"start":{"line":186,"column":8},"end":{"line":204,"column":9}},{"start":{},"end":{}}],"line":186},"8":{"loc":{"start":{"line":189,"column":10},"end":{"line":203,"column":11}},"type":"if","locations":[{"start":{"line":189,"column":10},"end":{"line":203,"column":11}},{"start":{},"end":{}}],"line":189},"9":{"loc":{"start":{"line":192,"column":14},"end":{"line":201,"column":15}},"type":"if","locations":[{"start":{"line":192,"column":14},"end":{"line":201,"column":15}},{"start":{},"end":{}}],"line":192},"10":{"loc":{"start":{"line":192,"column":18},"end":{"line":192,"column":74}},"type":"binary-expr","locations":[{"start":{"line":192,"column":18},"end":{"line":192,"column":35}},{"start":{"line":192,"column":39},"end":{"line":192,"column":74}}],"line":192},"11":{"loc":{"start":{"line":285,"column":4},"end":{"line":287,"column":5}},"type":"if","locations":[{"start":{"line":285,"column":4},"end":{"line":287,"column":5}},{"start":{},"end":{}}],"line":285},"12":{"loc":{"start":{"line":302,"column":4},"end":{"line":326,"column":5}},"type":"if","locations":[{"start":{"line":302,"column":4},"end":{"line":326,"column":5}},{"start":{},"end":{}}],"line":302},"13":{"loc":{"start":{"line":306,"column":6},"end":{"line":319,"column":7}},"type":"if","locations":[{"start":{"line":306,"column":6},"end":{"line":319,"column":7}},{"start":{},"end":{}}],"line":306},"14":{"loc":{"start":{"line":308,"column":10},"end":{"line":317,"column":11}},"type":"if","locations":[{"start":{"line":308,"column":10},"end":{"line":317,"column":11}},{"start":{},"end":{}}],"line":308},"15":{"loc":{"start":{"line":310,"column":12},"end":{"line":314,"column":13}},"type":"if","locations":[{"start":{"line":310,"column":12},"end":{"line":314,"column":13}},{"start":{"line":312,"column":19},"end":{"line":314,"column":13}}],"line":310},"16":{"loc":{"start":{"line":312,"column":19},"end":{"line":314,"column":13}},"type":"if","locations":[{"start":{"line":312,"column":19},"end":{"line":314,"column":13}},{"start":{},"end":{}}],"line":312},"17":{"loc":{"start":{"line":321,"column":6},"end":{"line":325,"column":7}},"type":"if","locations":[{"start":{"line":321,"column":6},"end":{"line":325,"column":7}},{"start":{},"end":{}}],"line":321},"18":{"loc":{"start":{"line":332,"column":4},"end":{"line":356,"column":5}},"type":"if","locations":[{"start":{"line":332,"column":4},"end":{"line":356,"column":5}},{"start":{},"end":{}}],"line":332},"19":{"loc":{"start":{"line":336,"column":6},"end":{"line":349,"column":7}},"type":"if","locations":[{"start":{"line":336,"column":6},"end":{"line":349,"column":7}},{"start":{},"end":{}}],"line":336},"20":{"loc":{"start":{"line":338,"column":10},"end":{"line":347,"column":11}},"type":"if","locations":[{"start":{"line":338,"column":10},"end":{"line":347,"column":11}},{"start":{},"end":{}}],"line":338},"21":{"loc":{"start":{"line":340,"column":12},"end":{"line":344,"column":13}},"type":"if","locations":[{"start":{"line":340,"column":12},"end":{"line":344,"column":13}},{"start":{"line":342,"column":19},"end":{"line":344,"column":13}}],"line":340},"22":{"loc":{"start":{"line":342,"column":19},"end":{"line":344,"column":13}},"type":"if","locations":[{"start":{"line":342,"column":19},"end":{"line":344,"column":13}},{"start":{},"end":{}}],"line":342},"23":{"loc":{"start":{"line":351,"column":6},"end":{"line":355,"column":7}},"type":"if","locations":[{"start":{"line":351,"column":6},"end":{"line":355,"column":7}},{"start":{},"end":{}}],"line":351},"24":{"loc":{"start":{"line":370,"column":4},"end":{"line":372,"column":5}},"type":"if","locations":[{"start":{"line":370,"column":4},"end":{"line":372,"column":5}},{"start":{},"end":{}}],"line":370},"25":{"loc":{"start":{"line":387,"column":4},"end":{"line":407,"column":5}},"type":"if","locations":[{"start":{"line":387,"column":4},"end":{"line":407,"column":5}},{"start":{},"end":{}}],"line":387},"26":{"loc":{"start":{"line":391,"column":6},"end":{"line":400,"column":7}},"type":"if","locations":[{"start":{"line":391,"column":6},"end":{"line":400,"column":7}},{"start":{},"end":{}}],"line":391},"27":{"loc":{"start":{"line":393,"column":10},"end":{"line":398,"column":11}},"type":"if","locations":[{"start":{"line":393,"column":10},"end":{"line":398,"column":11}},{"start":{},"end":{}}],"line":393},"28":{"loc":{"start":{"line":393,"column":14},"end":{"line":393,"column":95}},"type":"binary-expr","locations":[{"start":{"line":393,"column":14},"end":{"line":393,"column":59}},{"start":{"line":393,"column":63},"end":{"line":393,"column":95}}],"line":393},"29":{"loc":{"start":{"line":402,"column":6},"end":{"line":406,"column":7}},"type":"if","locations":[{"start":{"line":402,"column":6},"end":{"line":406,"column":7}},{"start":{},"end":{}}],"line":402},"30":{"loc":{"start":{"line":413,"column":4},"end":{"line":433,"column":5}},"type":"if","locations":[{"start":{"line":413,"column":4},"end":{"line":433,"column":5}},{"start":{},"end":{}}],"line":413},"31":{"loc":{"start":{"line":417,"column":6},"end":{"line":426,"column":7}},"type":"if","locations":[{"start":{"line":417,"column":6},"end":{"line":426,"column":7}},{"start":{},"end":{}}],"line":417},"32":{"loc":{"start":{"line":419,"column":10},"end":{"line":424,"column":11}},"type":"if","locations":[{"start":{"line":419,"column":10},"end":{"line":424,"column":11}},{"start":{},"end":{}}],"line":419},"33":{"loc":{"start":{"line":419,"column":14},"end":{"line":419,"column":97}},"type":"binary-expr","locations":[{"start":{"line":419,"column":14},"end":{"line":419,"column":59}},{"start":{"line":419,"column":63},"end":{"line":419,"column":97}}],"line":419},"34":{"loc":{"start":{"line":428,"column":6},"end":{"line":432,"column":7}},"type":"if","locations":[{"start":{"line":428,"column":6},"end":{"line":432,"column":7}},{"start":{},"end":{}}],"line":428}},"s":{"0":0,"1":0,"2":0,"3":0,"4":0,"5":0,"6":0,"7":0,"8":0,"9":0,"10":0,"11":0,"12":0,"13":0,"14":0,"15":0,"16":0,"17":0,"18":0,"19":0,"20":0,"21":0,"22":0,"23":0,"24":0,"25":0,"26":0,"27":0,"28":0,"29":0,"30":0,"31":0,"32":0,"33":0,"34":0,"35":0,"36":0,"37":0,"38":0,"39":0,"40":0,"41":0,"42":0,"43":0,"44":0,"45":0,"46":0,"47":0,"48":0,"49":0,"50":0,"51":0,"52":0,"53":0,"54":0,"55":0,"56":0,"57":0,"58":0,"59":0,"60":0,"61":0,"62":0,"63":0,"64":0,"65":0,"66":0,"67":0,"68":0,"69":0,"70":0,"71":0,"72":0,"73":0,"74":0,"75":0,"76":0,"77":0,"78":0,"79":0,"80":0,"81":0,"82":0,"83":0,"84":0,"85":0,"86":0,"87":0,"88":0,"89":0,"90":0,"91":0,"92":0,"93":0,"94":0,"95":0,"96":0,"97":0,"98":0,"99":0,"100":0,"101":0,"102":0,"103":0,"104":0,"105":0,"106":0,"107":0,"108":0,"109":0,"110":0,"111":0,"112":0,"113":0,"114":0,"115":0,"116":0,"117":0,"118":0,"119":0,"120":0,"121":0,"122":0,"123":0,"124":0,"125":0,"126":0,"127":0,"128":0,"129":0,"130":0,"131":0,"132":0,"133":0,"134":0,"135":0,"136":0,"137":0,"138":0,"139":0,"140":0,"141":0,"142":0,"143":0,"144":0,"145":0,"146":0,"147":0,"148":0,"149":0,"150":0,"151":0,"152":0,"153":0,"154":0,"155":0,"156":0,"157":0,"158":0,"159":0,"160":0,"161":0,"162":0,"163":0,"164":0,"165":0,"166":0,"167":0,"168":0,"169":0,"170":0,"171":0,"172":0,"173":0,"174":0,"175":0,"176":0,"177":0,"178":0,"179":0,"180":0,"181":0,"182":0,"183":0},"f":{"0":0,"1":0,"2":0,"3":0,"4":0,"5":0,"6":0,"7":0,"8":0,"9":0,"10":0,"11":0,"12":0,"13":0,"14":0,"15":0},"b":{"0":[0,0],"1":[0,0],"2":[0,0],"3":[0,0],"4":[0,0],"5":[0,0],"6":[0,0],"7":[0,0],"8":[0,0],"9":[0,0],"10":[0,0],"11":[0,0],"12":[0,0],"13":[0,0],"14":[0,0],"15":[0,0],"16":[0,0],"17":[0,0],"18":[0,0],"19":[0,0],"20":[0,0],"21":[0,0],"22":[0,0],"23":[0,0],"24":[0,0],"25":[0,0],"26":[0,0],"27":[0,0],"28":[0,0],"29":[0,0],"30":[0,0],"31":[0,0],"32":[0,0],"33":[0,0],"34":[0,0]}}
,"/Users/apurwakhanal/ToxiMobile/ToxiGuard/src/services/firebase.js": {"path":"/Users/apurwakhanal/ToxiMobile/ToxiGuard/src/services/firebase.js","statementMap":{"0":{"start":{"line":11,"column":23},"end":{"line":19,"column":1}},"1":{"start":{"line":22,"column":12},"end":{"line":22,"column":41}},"2":{"start":{"line":26,"column":0},"end":{"line":32,"column":1}},"3":{"start":{"line":27,"column":2},"end":{"line":29,"column":5}},"4":{"start":{"line":31,"column":2},"end":{"line":31,"column":22}},"5":{"start":{"line":35,"column":11},"end":{"line":35,"column":28}},"6":{"start":{"line":38,"column":16},"end":{"line":38,"column":31}},"7":{"start":{"line":41,"column":18},"end":{"line":41,"column":35}},"8":{"start":{"line":44,"column":16},"end":{"line":44,"column":20}},"9":{"start":{"line":45,"column":0},"end":{"line":49,"column":75}},"10":{"start":{"line":46,"column":2},"end":{"line":48,"column":3}},"11":{"start":{"line":47,"column":4},"end":{"line":47,"column":34}},"12":{"start":{"line":49,"column":18},"end":{"line":49,"column":73}}},"fnMap":{"0":{"name":"(anonymous_0)","decl":{"start":{"line":45,"column":19},"end":{"line":45,"column":20}},"loc":{"start":{"line":45,"column":34},"end":{"line":49,"column":1}},"line":45},"1":{"name":"(anonymous_1)","decl":{"start":{"line":49,"column":9},"end":{"line":49,"column":10}},"loc":{"start":{"line":49,"column":18},"end":{"line":49,"column":73}},"line":49}},"branchMap":{"0":{"loc":{"start":{"line":26,"column":0},"end":{"line":32,"column":1}},"type":"if","locations":[{"start":{"line":26,"column":0},"end":{"line":32,"column":1}},{"start":{"line":30,"column":7},"end":{"line":32,"column":1}}],"line":26},"1":{"loc":{"start":{"line":46,"column":2},"end":{"line":48,"column":3}},"type":"if","locations":[{"start":{"line":46,"column":2},"end":{"line":48,"column":3}},{"start":{},"end":{}}],"line":46}},"s":{"0":0,"1":0,"2":0,"3":0,"4":0,"5":0,"6":0,"7":0,"8":0,"9":0,"10":0,"11":0,"12":0},"f":{"0":0,"1":0},"b":{"0":[0,0],"1":[0,0]}}
,"/Users/apurwakhanal/ToxiMobile/ToxiGuard/src/services/notificationService.js": {"path":"/Users/apurwakhanal/ToxiMobile/ToxiGuard/src/services/notificationService.js","statementMap":{"0":{"start":{"line":9,"column":0},"end":{"line":15,"column":3}},"1":{"start":{"line":10,"column":35},"end":{"line":14,"column":3}},"2":{"start":{"line":18,"column":44},"end":{"line":74,"column":1}},"3":{"start":{"line":19,"column":2},"end":{"line":73,"column":3}},"4":{"start":{"line":20,"column":4},"end":{"line":23,"column":5}},"5":{"start":{"line":21,"column":6},"end":{"line":21,"column":82}},"6":{"start":{"line":22,"column":6},"end":{"line":22,"column":19}},"7":{"start":{"line":26,"column":39},"end":{"line":26,"column":80}},"8":{"start":{"line":27,"column":22},"end":{"line":27,"column":36}},"9":{"start":{"line":30,"column":4},"end":{"line":33,"column":5}},"10":{"start":{"line":31,"column":25},"end":{"line":31,"column":70}},"11":{"start":{"line":32,"column":6},"end":{"line":32,"column":27}},"12":{"start":{"line":36,"column":4},"end":{"line":39,"column":5}},"13":{"start":{"line":37,"column":6},"end":{"line":37,"column":69}},"14":{"start":{"line":38,"column":6},"end":{"line":38,"column":19}},"15":{"start":{"line":42,"column":26},"end":{"line":44,"column":6}},"16":{"start":{"line":47,"column":4},"end":{"line":47,"column":68}},"17":{"start":{"line":50,"column":4},"end":{"line":57,"column":5}},"18":{"start":{"line":51,"column":22},"end":{"line":51,"column":60}},"19":{"start":{"line":52,"column":6},"end":{"line":56,"column":9}},"20":{"start":{"line":60,"column":4},"end":{"line":67,"column":5}},"21":{"start":{"line":61,"column":6},"end":{"line":66,"column":9}},"22":{"start":{"line":69,"column":4},"end":{"line":69,"column":30}},"23":{"start":{"line":71,"column":4},"end":{"line":71,"column":70}},"24":{"start":{"line":72,"column":4},"end":{"line":72,"column":17}},"25":{"start":{"line":77,"column":55},"end":{"line":84,"column":1}},"26":{"start":{"line":78,"column":23},"end":{"line":81,"column":4}},"27":{"start":{"line":79,"column":17},"end":{"line":79,"column":59}},"28":{"start":{"line":80,"column":4},"end":{"line":80,"column":29}},"29":{"start":{"line":83,"column":2},"end":{"line":83,"column":22}},"30":{"start":{"line":87,"column":47},"end":{"line":94,"column":1}},"31":{"start":{"line":88,"column":23},"end":{"line":91,"column":4}},"32":{"start":{"line":89,"column":17},"end":{"line":89,"column":50}},"33":{"start":{"line":90,"column":4},"end":{"line":90,"column":29}},"34":{"start":{"line":93,"column":2},"end":{"line":93,"column":22}},"35":{"start":{"line":97,"column":38},"end":{"line":104,"column":1}},"36":{"start":{"line":98,"column":2},"end":{"line":103,"column":3}},"37":{"start":{"line":99,"column":4},"end":{"line":99,"column":64}},"38":{"start":{"line":101,"column":4},"end":{"line":101,"column":64}},"39":{"start":{"line":102,"column":4},"end":{"line":102,"column":14}},"40":{"start":{"line":107,"column":38},"end":{"line":116,"column":1}},"41":{"start":{"line":108,"column":2},"end":{"line":115,"column":3}},"42":{"start":{"line":109,"column":4},"end":{"line":109,"column":63}},"43":{"start":{"line":110,"column":4},"end":{"line":110,"column":55}},"44":{"start":{"line":111,"column":4},"end":{"line":111,"column":16}},"45":{"start":{"line":113,"column":4},"end":{"line":113,"column":60}},"46":{"start":{"line":114,"column":4},"end":{"line":114,"column":17}},"47":{"start":{"line":119,"column":46},"end":{"line":132,"column":1}},"48":{"start":{"line":120,"column":2},"end":{"line":131,"column":3}},"49":{"start":{"line":121,"column":20},"end":{"line":121,"column":44}},"50":{"start":{"line":122,"column":4},"end":{"line":125,"column":7}},"51":{"start":{"line":127,"column":4},"end":{"line":127,"column":16}},"52":{"start":{"line":129,"column":4},"end":{"line":129,"column":66}},"53":{"start":{"line":130,"column":4},"end":{"line":130,"column":16}},"54":{"start":{"line":135,"column":43},"end":{"line":150,"column":1}},"55":{"start":{"line":136,"column":2},"end":{"line":149,"column":3}},"56":{"start":{"line":137,"column":20},"end":{"line":137,"column":44}},"57":{"start":{"line":138,"column":20},"end":{"line":138,"column":41}},"58":{"start":{"line":140,"column":4},"end":{"line":143,"column":5}},"59":{"start":{"line":141,"column":23},"end":{"line":141,"column":37}},"60":{"start":{"line":142,"column":6},"end":{"line":142,"column":67}},"61":{"start":{"line":145,"column":4},"end":{"line":145,"column":29}},"62":{"start":{"line":147,"column":4},"end":{"line":147,"column":65}},"63":{"start":{"line":148,"column":4},"end":{"line":148,"column":29}},"64":{"start":{"line":153,"column":41},"end":{"line":175,"column":1}},"65":{"start":{"line":154,"column":2},"end":{"line":174,"column":3}},"66":{"start":{"line":155,"column":32},"end":{"line":161,"column":5}},"67":{"start":{"line":163,"column":32},"end":{"line":163,"column":47}},"68":{"start":{"line":165,"column":32},"end":{"line":168,"column":6}},"69":{"start":{"line":170,"column":4},"end":{"line":170,"column":31}},"70":{"start":{"line":172,"column":4},"end":{"line":172,"column":59}},"71":{"start":{"line":173,"column":4},"end":{"line":173,"column":16}},"72":{"start":{"line":178,"column":36},"end":{"line":192,"column":1}},"73":{"start":{"line":179,"column":2},"end":{"line":191,"column":3}},"74":{"start":{"line":180,"column":27},"end":{"line":185,"column":5}},"75":{"start":{"line":187,"column":4},"end":{"line":187,"column":26}},"76":{"start":{"line":189,"column":4},"end":{"line":189,"column":61}},"77":{"start":{"line":190,"column":4},"end":{"line":190,"column":16}},"78":{"start":{"line":195,"column":31},"end":{"line":211,"column":1}},"79":{"start":{"line":196,"column":2},"end":{"line":210,"column":3}},"80":{"start":{"line":197,"column":4},"end":{"line":203,"column":5}},"81":{"start":{"line":198,"column":22},"end":{"line":198,"column":60}},"82":{"start":{"line":199,"column":6},"end":{"line":202,"column":9}},"83":{"start":{"line":205,"column":4},"end":{"line":205,"column":51}},"84":{"start":{"line":206,"column":4},"end":{"line":206,"column":16}},"85":{"start":{"line":208,"column":4},"end":{"line":208,"column":55}},"86":{"start":{"line":209,"column":4},"end":{"line":209,"column":17}},"87":{"start":{"line":214,"column":40},"end":{"line":241,"column":1}},"88":{"start":{"line":215,"column":2},"end":{"line":240,"column":3}},"89":{"start":{"line":216,"column":4},"end":{"line":218,"column":5}},"90":{"start":{"line":217,"column":6},"end":{"line":217,"column":19}},"91":{"start":{"line":221,"column":20},"end":{"line":221,"column":58}},"92":{"start":{"line":222,"column":20},"end":{"line":222,"column":41}},"93":{"start":{"line":224,"column":4},"end":{"line":234,"column":5}},"94":{"start":{"line":225,"column":23},"end":{"line":225,"column":37}},"95":{"start":{"line":226,"column":29},"end":{"line":226,"column":58}},"96":{"start":{"line":228,"column":6},"end":{"line":233,"column":7}},"97":{"start":{"line":229,"column":8},"end":{"line":232,"column":11}},"98":{"start":{"line":236,"column":4},"end":{"line":236,"column":16}},"99":{"start":{"line":238,"column":4},"end":{"line":238,"column":65}},"100":{"start":{"line":239,"column":4},"end":{"line":239,"column":17}}},"fnMap":{"0":{"name":"(anonymous_0)","decl":{"start":{"line":10,"column":22},"end":{"line":10,"column":23}},"loc":{"start":{"line":10,"column":35},"end":{"line":14,"column":3}},"line":10},"1":{"name":"(anonymous_1)","decl":{"start":{"line":18,"column":44},"end":{"line":18,"column":45}},"loc":{"start":{"line":18,"column":56},"end":{"line":74,"column":1}},"line":18},"2":{"name":"(anonymous_2)","decl":{"start":{"line":77,"column":55},"end":{"line":77,"column":56}},"loc":{"start":{"line":77,"column":79},"end":{"line":84,"column":1}},"line":77},"3":{"name":"(anonymous_3)","decl":{"start":{"line":78,"column":77},"end":{"line":78,"column":78}},"loc":{"start":{"line":78,"column":89},"end":{"line":81,"column":3}},"line":78},"4":{"name":"(anonymous_4)","decl":{"start":{"line":87,"column":47},"end":{"line":87,"column":48}},"loc":{"start":{"line":87,"column":71},"end":{"line":94,"column":1}},"line":87},"5":{"name":"(anonymous_5)","decl":{"start":{"line":88,"column":69},"end":{"line":88,"column":70}},"loc":{"start":{"line":88,"column":85},"end":{"line":91,"column":3}},"line":88},"6":{"name":"(anonymous_6)","decl":{"start":{"line":97,"column":38},"end":{"line":97,"column":39}},"loc":{"start":{"line":97,"column":50},"end":{"line":104,"column":1}},"line":97},"7":{"name":"(anonymous_7)","decl":{"start":{"line":107,"column":38},"end":{"line":107,"column":39}},"loc":{"start":{"line":107,"column":50},"end":{"line":116,"column":1}},"line":107},"8":{"name":"(anonymous_8)","decl":{"start":{"line":119,"column":46},"end":{"line":119,"column":47}},"loc":{"start":{"line":119,"column":74},"end":{"line":132,"column":1}},"line":119},"9":{"name":"(anonymous_9)","decl":{"start":{"line":135,"column":43},"end":{"line":135,"column":44}},"loc":{"start":{"line":135,"column":61},"end":{"line":150,"column":1}},"line":135},"10":{"name":"(anonymous_10)","decl":{"start":{"line":153,"column":41},"end":{"line":153,"column":42}},"loc":{"start":{"line":153,"column":91},"end":{"line":175,"column":1}},"line":153},"11":{"name":"(anonymous_11)","decl":{"start":{"line":178,"column":36},"end":{"line":178,"column":37}},"loc":{"start":{"line":178,"column":48},"end":{"line":192,"column":1}},"line":178},"12":{"name":"(anonymous_12)","decl":{"start":{"line":195,"column":31},"end":{"line":195,"column":32}},"loc":{"start":{"line":195,"column":43},"end":{"line":211,"column":1}},"line":195},"13":{"name":"(anonymous_13)","decl":{"start":{"line":214,"column":40},"end":{"line":214,"column":41}},"loc":{"start":{"line":214,"column":56},"end":{"line":241,"column":1}},"line":214}},"branchMap":{"0":{"loc":{"start":{"line":20,"column":4},"end":{"line":23,"column":5}},"type":"if","locations":[{"start":{"line":20,"column":4},"end":{"line":23,"column":5}},{"start":{},"end":{}}],"line":20},"1":{"loc":{"start":{"line":30,"column":4},"end":{"line":33,"column":5}},"type":"if","locations":[{"start":{"line":30,"column":4},"end":{"line":33,"column":5}},{"start":{},"end":{}}],"line":30},"2":{"loc":{"start":{"line":36,"column":4},"end":{"line":39,"column":5}},"type":"if","locations":[{"start":{"line":36,"column":4},"end":{"line":39,"column":5}},{"start":{},"end":{}}],"line":36},"3":{"loc":{"start":{"line":50,"column":4},"end":{"line":57,"column":5}},"type":"if","locations":[{"start":{"line":50,"column":4},"end":{"line":57,"column":5}},{"start":{},"end":{}}],"line":50},"4":{"loc":{"start":{"line":60,"column":4},"end":{"line":67,"column":5}},"type":"if","locations":[{"start":{"line":60,"column":4},"end":{"line":67,"column":5}},{"start":{},"end":{}}],"line":60},"5":{"loc":{"start":{"line":140,"column":4},"end":{"line":143,"column":5}},"type":"if","locations":[{"start":{"line":140,"column":4},"end":{"line":143,"column":5}},{"start":{},"end":{}}],"line":140},"6":{"loc":{"start":{"line":142,"column":13},"end":{"line":142,"column":66}},"type":"binary-expr","locat
[...]
{}}],"line":35},"3":{"loc":{"start":{"line":61,"column":33},"end":{"line":61,"column":58}},"type":"default-arg","locations":[{"start":{"line":61,"column":45},"end":{"line":61,"column":58}}],"line":61},"4":{"loc":{"start":{"line":62,"column":2},"end":{"line":62,"column":23}},"type":"if","locations":[{"start":{"line":62,"column":2},"end":{"line":62,"column":23}},{"start":{},"end":{}}],"line":62},"5":{"loc":{"start":{"line":63,"column":18},"end":{"line":63,"column":66}},"type":"cond-expr","locations":[{"start":{"line":63,"column":45},"end":{"line":63,"column":49}},{"start":{"line":63,"column":52},"end":{"line":63,"column":66}}],"line":63},"6":{"loc":{"start":{"line":82,"column":35},"end":{"line":82,"column":47}},"type":"default-arg","locations":[{"start":{"line":82,"column":44},"end":{"line":82,"column":47}}],"line":82},"7":{"loc":{"start":{"line":83,"column":2},"end":{"line":83,"column":23}},"type":"if","locations":[{"start":{"line":83,"column":2},"end":{"line":83,"column":23}},{"start":{},"end":{}}],"line":83},"8":{"loc":{"start":{"line":84,"column":2},"end":{"line":84,"column":41}},"type":"if","locations":[{"start":{"line":84,"column":2},"end":{"line":84,"column":41}},{"start":{},"end":{}}],"line":84},"9":{"loc":{"start":{"line":95,"column":2},"end":{"line":95,"column":23}},"type":"if","locations":[{"start":{"line":95,"column":2},"end":{"line":95,"column":23}},{"start":{},"end":{}}],"line":95},"10":{"loc":{"start":{"line":106,"column":42},"end":{"line":106,"column":61}},"type":"default-arg","locations":[{"start":{"line":106,"column":57},"end":{"line":106,"column":61}}],"line":106},"11":{"loc":{"start":{"line":107,"column":2},"end":{"line":107,"column":41}},"type":"if","locations":[{"start":{"line":107,"column":2},"end":{"line":107,"column":41}},{"start":{},"end":{}}],"line":107},"12":{"loc":{"start":{"line":107,"column":6},"end":{"line":107,"column":19}},"type":"binary-expr","locations":[{"start":{"line":107,"column":6},"end":{"line":107,"column":10}},{"start":{"line":107,"column":14},"end":{"line":107,"column":19}}],"line":107},"13":{"loc":{"start":{"line":113,"column":4},"end":{"line":115,"column":5}},"type":"if","locations":[{"start":{"line":113,"column":4},"end":{"line":115,"column":5}},{"start":{},"end":{}}],"line":113},"14":{"loc":{"start":{"line":113,"column":8},"end":{"line":113,"column":104}},"type":"binary-expr","locations":[{"start":{"line":113,"column":8},"end":{"line":113,"column":24}},{"start":{"line":113,"column":28},"end":{"line":113,"column":49}},{"start":{"line":113,"column":53},"end":{"line":113,"column":104}}],"line":113},"15":{"loc":{"start":{"line":119,"column":9},"end":{"line":119,"column":55}},"type":"cond-expr","locations":[{"start":{"line":119,"column":33},"end":{"line":119,"column":45}},{"start":{"line":119,"column":48},"end":{"line":119,"column":55}}],"line":119},"16":{"loc":{"start":{"line":128,"column":2},"end":{"line":128,"column":26}},"type":"if","locations":[{"start":{"line":128,"column":2},"end":{"line":128,"column":26}},{"start":{},"end":{}}],"line":128},"17":{"loc":{"start":{"line":175,"column":31},"end":{"line":175,"column":41}},"type":"default-arg","locations":[{"start":{"line":175,"column":38},"end":{"line":175,"column":41}}],"line":175},"18":{"loc":{"start":{"line":190,"column":31},"end":{"line":190,"column":42}},"type":"default-arg","locations":[{"start":{"line":190,"column":39},"end":{"line":190,"column":42}}],"line":190},"19":{"loc":{"start":{"line":194,"column":4},"end":{"line":198,"column":5}},"type":"if","locations":[{"start":{"line":194,"column":4},"end":{"line":198,"column":5}},{"start":{},"end":{}}],"line":194}},"s":{"0":0,"1":0,"2":0,"3":0,"4":0,"5":0,"6":0,"7":0,"8":0,"9":0,"10":0,"11":0,"12":0,"13":0,"14":0,"15":0,"16":0,"17":0,"18":0,"19":0,"20":0,"21":0,"22":0,"23":0,"24":0,"25":0,"26":0,"27":0,"28":0,"29":0,"30":0,"31":0,"32":0,"33":0,"34":0,"35":0,"36":0,"37":0,"38":0,"39":0,"40":0,"41":0,"42":0,"43":0,"44":0,"45":0,"46":0,"47":0,"48":0,"49":0,"50":0,"51":0,"52":0,"53":0,"54":0,"55":0,"56":0,"57":0,"58":0,"59":0,"60":0,"61":0,"62":0,"63":0,"64":0,"65":0,"66":0,"67":0,"68":0,"69":0},"f":{"0":0,"1":0,"2":0,"3":0,"4":0,"5":0,"6":0,"7":0,"8":0,"9":0,"10":0,"11":0,"12":0,"13":0,"14":0,"15":0,"16":0,"17":0},"b":{"0":[0,0],"1":[0,0],"2":[0,0],"3":[0],"4":[0,0],"5":[0,0],"6":[0],"7":[0,0],"8":[0,0],"9":[0,0],"10":[0],"11":[0,0],"12":[0,0],"13":[0,0],"14":[0,0,0],"15":[0,0],"16":[0,0],"17":[0],"18":[0],"19":[0,0]}}
,"/Users/apurwakhanal/ToxiMobile/ToxiGuard/src/utils/reportGenerator.js": {"path":"/Users/apurwakhanal/ToxiMobile/ToxiGuard/src/utils/reportGenerator.js","statementMap":{"0":{"start":{"line":15,"column":27},"end":{"line":246,"column":1}},"1":{"start":{"line":16,"column":2},"end":{"line":16,"column":24}},"2":{"start":{"line":16,"column":14},"end":{"line":16,"column":24}},"3":{"start":{"line":18,"column":20},"end":{"line":18,"column":76}},"4":{"start":{"line":19,"column":24},"end":{"line":19,"column":49}},"5":{"start":{"line":20,"column":20},"end":{"line":20,"column":59}},"6":{"start":{"line":21,"column":20},"end":{"line":21,"column":95}},"7":{"start":{"line":23,"column":4},"end":{"line":25,"column":24}},"8":{"start":{"line":27,"column":20},"end":{"line":27,"column":66}},"9":{"start":{"line":29,"column":4},"end":{"line":31,"column":13}},"10":{"start":{"line":34,"column":25},"end":{"line":34,"column":27}},"11":{"start":{"line":35,"column":2},"end":{"line":61,"column":3}},"12":{"start":{"line":36,"column":4},"end":{"line":58,"column":7}},"13":{"start":{"line":37,"column":27},"end":{"line":37,"column":111}},"14":{"start":{"line":39,"column":8},"end":{"line":41,"column":28}},"15":{"start":{"line":43,"column":6},"end":{"line":57,"column":8}},"16":{"start":{"line":60,"column":4},"end":{"line":60,"column":69}},"17":{"start":{"line":63,"column":2},"end":{"line":245,"column":4}},"18":{"start":{"line":253,"column":25},"end":{"line":266,"column":1}},"19":{"start":{"line":254,"column":25},"end":{"line":262,"column":3}},"20":{"start":{"line":264,"column":2},"end":{"line":264,"column":47}},"21":{"start":{"line":264,"column":17},"end":{"line":264,"column":47}},"22":{"start":{"line":265,"column":2},"end":{"line":265,"column":74}},"23":{"start":{"line":273,"column":25},"end":{"line":277,"column":1}},"24":{"start":{"line":274,"column":2},"end":{"line":274,"column":44}},"25":{"start":{"line":274,"column":27},"end":{"line":274,"column":44}},"26":{"start":{"line":275,"column":2},"end":{"line":275,"column":46}},"27":{"start":{"line":275,"column":29},"end":{"line":275,"column":46}},"28":{"start":{"line":276,"column":2},"end":{"line":276,"column":19}}},"fnMap":{"0":{"name":"(anonymous_0)","decl":{"start":{"line":15,"column":27},"end":{"line":15,"column":28}},"loc":{"start":{"line":15,"column":45},"end":{"line":246,"column":1}},"line":15},"1":{"name":"(anonymous_1)","decl":{"start":{"line":36,"column":26},"end":{"line":36,"column":27}},"loc":{"start":{"line":36,"column":34},"end":{"line":58,"column":5}},"line":36},"2":{"name":"(anonymous_2)","decl":{"start":{"line":253,"column":25},"end":{"line":253,"column":26}},"loc":{"start":{"line":253,"column":39},"end":{"line":266,"column":1}},"line":253},"3":{"name":"(anonymous_3)","decl":{"start":{"line":273,"column":25},"end":{"line":273,"column":26}},"loc":{"start":{"line":273,"column":39},"end":{"line":277,"column":1}},"line":273}},"branchMap":{"0":{"loc":{"start":{"line":16,"column":2},"end":{"line":16,"column":24}},"type":"if","locations":[{"start":{"line":16,"column":2},"end":{"line":16,"column":24}},{"start":{},"end":{}}],"line":16},"1":{"loc":{"start":{"line":18,"column":20},"end":{"line":18,"column":76}},"type":"cond-expr","locations":[{"start":{"line":18,"column":38},"end":{"line":18,"column":63}},{"start":{"line":18,"column":66},"end":{"line":18,"column":76}}],"line":18},"2":{"loc":{"start":{"line":20,"column":20},"end":{"line":20,"column":59}},"type":"binary-expr","locations":[{"start":{"line":20,"column":20},"end":{"line":20,"column":31}},{"start":{"line":20,"column":35},"end":{"line":20,"column":59}}],"line":20},"3":{"loc":{"start":{"line":21,"column":20},"end":{"line":21,"column":95}},"type":"cond-expr","locations":[{"start":{"line":21,"column":45},"end":{"line":21,"column":67}},{"start":{"line":21,"column":70},"end":{"line":21,"column":95}}],"line":21},"4":{"loc":{"start":{"line":23,"column":4},"end":{"line":25,"column":24}},"type":"cond-expr","locations":[{"start":{"line":23,"column":32},"end":{"line":23,"column":53}},{"start":{"line":24,"column":4},"end":{"line":25,"column":24}}],"line":23},"5":{"loc":{"start":{"line":24,"column":4},"end":{"line":25,"column":24}},"type":"cond-expr","locations":[{"start":{"line":24,"column":34},"end":{"line":24,"column":57}},{"start":{"line":25,"column":4},"end":{"line":25,"column":24}}],"line":24},"6":{"loc":{"start":{"line":27,"column":20},"end":{"line":27,"column":66}},"type":"cond-expr","locations":[{"start":{"line":27,"column":45},"end":{"line":27,"column":54}},{"start":{"line":27,"column":57},"end":{"line":27,"column":66}}],"line":27},"7":{"loc":{"start":{"line":29,"column":4},"end":{"line":31,"column":13}},"type":"cond-expr","locations":[{"start":{"line":29,"column":32},"end":{"line":29,"column":41}},{"start":{"line":30,"column":4},"end":{"line":31,"column":13}}],"line":29},"8":{"loc":{"start":{"line":30,"column":4},"end":{"line":31,"column":13}},"type":"cond-expr","locations":[{"start":{"line":30,"column":34},"end":{"line":30,"column":43}},{"start":{"line":31,"column":4},"end":{"line":31,"column":13}}],"line":30},"9":{"loc":{"start":{"line":35,"column":2},"end":{"line":61,"column":3}},"type":"if","locations":[{"start":{"line":35,"column":2},"end":{"line":61,"column":3}},{"start":{"line":59,"column":9},"end":{"line":61,"column":3}}],"line":35},"10":{"loc":{"start":{"line":35,"column":6},"end":{"line":35,"column":47}},"type":"binary-expr","locations":[{"start":{"line":35,"column":6},"end":{"line":35,"column":19}},{"start":{"line":35,"column":23},"end":{"line":35,"column":47}}],"line":35},"11":{"loc":{"start":{"line":39,"column":8},"end":{"line":41,"column":28}},"type":"cond-expr","locations":[{"start":{"line":39,"column":35},"end":{"line":39,"column":56}},{"start":{"line":40,"column":8},"end":{"line":41,"column":28}}],"line":39},"12":{"loc":{"start":{"line":40,"column":8},"end":{"line":41,"column":28}},"type":"cond-expr","locations":[{"start":{"line":40,"column":37},"end":{"line":40,"column":60}},{"start":{"line":41,"column":8},"end":{"line":41,"column":28}}],"line":40},"13":{"loc":{"start":{"line":214,"column":12},"end":{"line":221,"column":16}},"type":"cond-expr","locations":[{"start":{"line":214,"column":34},"end":{"line":221,"column":11}},{"start":{"line":221,"column":14},"end":{"line":221,"column":16}}],"line":214},"14":{"loc":{"start":{"line":228,"column":12},"end":{"line":228,"column":67}},"type":"binary-expr","locations":[{"start":{"line":228,"column":12},"end":{"line":228,"column":31}},{"start":{"line":228,"column":35},"end":{"line":228,"column":67}}],"line":228},"15":{"loc":{"start":{"line":264,"column":2},"end":{"line":264,"column":47}},"type":"if","locations":[{"start":{"line":264,"column":2},"end":{"line":264,"column":47}},{"start":{},"end":{}}],"line":264},"16":{"loc":{"start":{"line":265,"column":9},"end":{"line":265,"column":73}},"type":"binary-expr","locations":[{"start":{"line":265,"column":9},"end":{"line":265,"column":47}},{"start":{"line":265,"column":51},"end":{"line":265,"column":73}}],"line":265},"17":{"loc":{"start":{"line":274,"column":2},"end":{"line":274,"column":44}},"type":"if","locations":[{"start":{"line":274,"column":2},"end":{"line":274,"column":44}},{"start":{},"end":{}}],"line":274},"18":{"loc":{"start":{"line":275,"column":2},"end":{"line":275,"column":46}},"type":"if","locations":[{"start":{"line":275,"column":2},"end":{"line":275,"column":46}},{"start":{},"end":{}}],"line":275}},"s":{"0":0,"1":0,"2":0,"3":0,"4":0,"5":0,"6":0,"7":0,"8":0,"9":0,"10":0,"11":0,"12":0,"13":0,"14":0,"15":0,"16":0,"17":0,"18":0,"19":0,"20":0,"21":0,"22":0,"23":0,"24":0,"25":0,"26":0,"27":0,"28":0},"f":{"0":0,"1":0,"2":0,"3":0},"b":{"0":[0,0],"1":[0,0],"2":[0,0],"3":[0,0],"4":[0,0],"5":[0,0],"6":[0,0],"7":[0,0],"8":[0,0],"9":[0,0],"10":[0,0],"11":[0,0],"12":[0,0],"13":[0,0],"14":[0,0],"15":[0,0],"16":[0,0],"17":[0,0],"18":[0,0]}}
,"/Users/apurwakhanal/ToxiMobile/ToxiGuard/src/utils/testUtils.js": {"path":"/Users/apurwakhanal/ToxiMobile/ToxiGuard/src/utils/testUtils.js","statementMap":{"0":{"start":{"line":10,"column":28},"end":{"line":27,"column":1}},"1":{"start":{"line":12,"column":2},"end":{"line":26,"column":4}},"2":{"start":{"line":34,"column":25},"end":{"line":47,"column":2}},"3":{"start":{"line":34,"column":46},"end":{"line":47,"column":1}},"4":{"start":{"line":54,"column":25},"end":{"line":72,"column":2}},"5":{"start":{"line":54,"column":46},"end":{"line":72,"column":1}},"6":{"start":{"line":79,"column":24},"end":{"line":85,"column":2}},"7":{"start":{"line":79,"column":45},"end":{"line":85,"column":1}},"8":{"start":{"line":92,"column":29},"end":{"line":113,"column":2}},"9":{"start":{"line":92,"column":50},"end":{"line":113,"column":1}},"10":{"start":{"line":120,"column":28},"end":{"line":129,"column":2}},"11":{"start":{"line":120,"column":49},"end":{"line":129,"column":1}},"12":{"start":{"line":136,"column":30},"end":{"line":167,"column":1}},"13":{"start":{"line":137,"column":23},"end":{"line":163,"column":3}},"14":{"start":{"line":166,"column":2},"end":{"line":166,"column":44}},"15":{"start":{"line":175,"column":18},"end":{"line":193,"column":1}},"16":{"start":{"line":176,"column":17},"end":{"line":176,"column":30}},"17":{"start":{"line":178,"column":2},"end":{"line":190,"column":3}},"18":{"start":{"line":179,"column":4},"end":{"line":189,"column":7}},"19":{"start":{"line":180,"column":6},"end":{"line":188,"column":7}},"20":{"start":{"line":181,"column":8},"end":{"line":185,"column":9}},"21":{"start":{"line":182,"column":10},"end":{"line":182,"column":56}},"22":{"start":{"line":184,"column":10},"end":{"line":184,"column":60}},"23":{"start":{"line":187,"column":8},"end":{"line":187,"column":54}},"24":{"start":{"line":192,"column":2},"end":{"line":192,"column":16}},"25":{"start":{"line":200,"column":17},"end":{"line":202,"column":1}},"26":{"start":{"line":201,"column":2},"end":{"line":201,"column":68}},"27":{"start":{"line":209,"column":20},"end":{"line":209,"column":75}},"28":{"start":{"line":209,"column":28},"end":{"line":209,"column":75}},"29":{"start":{"line":209,"column":51},"end":{"line":209,"column":74}},"30":{"start":{"line":217,"column":33},"end":{"line":221,"column":1}}},"fnMap":{"0":{"name":"(anonymous_0)","decl":{"start":{"line":10,"column":28},"end":{"line":10,"column":29}},"loc":{"start":{"line":10,"column":34},"end":{"line":27,"column":1}},"line":10},"1":{"name":"(anonymous_1)","decl":{"start":{"line":34,"column":25},"end":{"line":34,"column":26}},"loc":{"start":{"line":34,"column":46},"end":{"line":47,"column":1}},"line":34},"2":{"name":"(anonymous_2)","decl":{"start":{"line":54,"column":25},"end":{"line":54,"column":26}},"loc":{"start":{"line":54,"column":46},"end":{"line":72,"column":1}},"line":54},"3":{"name":"(anonymous_3)","decl":{"start":{"line":79,"column":24},"end":{"line":79,"column":25}},"loc":{"start":{"line":79,"column":45},"end":{"line":85,"column":1}},"line":79},"4":{"name":"(anonymous_4)","decl":{"start":{"line":92,"column":29},"end":{"line":92,"column":30}},"loc":{"start":{"line":92,"column":50},"end":{"line":113,"column":1}},"line":92},"5":{"name":"(anonymous_5)","decl":{"start":{"line":120,"column":28},"end":{"line":120,"column":29}},"loc":{"start":{"line":120,"column":49},"end":{"line":129,"column":1}},"line":120},"6":{"name":"(anonymous_6)","decl":{"start":{"line":136,"column":30},"end":{"line":136,"column":31}},"loc":{"start":{"line":136,"column":50},"end":{"line":167,"column":1}},"line":136},"7":{"name":"(anonymous_7)","decl":{"start":{"line":175,"column":18},"end":{"line":175,"column":19}},"loc":{"start":{"line":175,"column":38},"end":{"line":193,"column":1}},"line":175},"8":{"name":"(anonymous_8)","decl":{"start":{"line":179,"column":32},"end":{"line":179,"column":33}},"loc":{"start":{"line":179,"column":39},"end":{"line":189,"column":5}},"line":179},"9":{"name":"(anonymous_9)","decl":{"start":{"line":200,"column":17},"end":{"line":200,"column":18}},"loc":{"start":{"line":200,"column":27},"end":{"line":202,"column":1}},"line":200},"10":{"name":"(anonymous_10)","decl":{"start":{"line":209,"column":20},"end":{"line":209,"column":21}},"loc":{"start":{"line":209,"column":28},"end":{"line":209,"column":75}},"line":209},"11":{"name":"(anonymous_11)","decl":{"start":{"line":209,"column":40},"end":{"line":209,"column":41}},"loc":{"start":{"line":209,"column":51},"end":{"line":209,"column":74}},"line":209},"12":{"name":"(anonymous_12)","decl":{"start":{"line":217,"column":33},"end":{"line":217,"column":34}},"loc":{"start":{"line":217,"column":61},"end":{"line":221,"column":1}},"line":217}},"branchMap":{"0":{"loc":{"start":{"line":34,"column":26},"end":{"line":34,"column":40}},"type":"default-arg","locations":[{"start":{"line":34,"column":38},"end":{"line":34,"column":40}}],"line":34},"1":{"loc":{"start":{"line":54,"column":26},"end":{"line":54,"column":40}},"type":"default-arg","locations":[{"start":{"line":54,"column":38},"end":{"line":54,"column":40}}],"line":54},"2":{"loc":{"start":{"line":79,"column":25},"end":{"line":79,"column":39}},"type":"default-arg","locations":[{"start":{"line":79,"column":37},"end":{"line":79,"column":39}}],"line":79},"3":{"loc":{"start":{"line":92,"column":30},"end":{"line":92,"column":44}},"type":"default-arg","locations":[{"start":{"line":92,"column":42},"end":{"line":92,"column":44}}],"line":92},"4":{"loc":{"start":{"line":120,"column":29},"end":{"line":120,"column":43}},"type":"default-arg","locations":[{"start":{"line":120,"column":41},"end":{"line":120,"column":43}}],"line":120},"5":{"loc":{"start":{"line":136,"column":31},"end":{"line":136,"column":45}},"type":"default-arg","locations":[{"start":{"line":136,"column":43},"end":{"line":136,"column":45}}],"line":136},"6":{"loc":{"start":{"line":178,"column":2},"end":{"line":190,"column":3}},"type":"if","locations":[{"start":{"line":178,"column":2},"end":{"line":190,"column":3}},{"start":{},"end":{}}],"line":178},"7":{"loc":{"start":{"line":178,"column":6},"end":{"line":178,"column":42}},"type":"binary-expr","locations":[{"start":{"line":178,"column":6},"end":{"line":178,"column":22}},{"start":{"line":178,"column":26},"end":{"line":178,"column":42}}],"line":178},"8":{"loc":{"start":{"line":180,"column":6},"end":{"line":188,"column":7}},"type":"if","locations":[{"start":{"line":180,"column":6},"end":{"line":188,"column":7}},{"start":{"line":186,"column":13},"end":{"line":188,"column":7}}],"line":180},"9":{"loc":{"start":{"line":181,"column":8},"end":{"line":185,"column":9}},"type":"if","locations":[{"start":{"line":181,"column":8},"end":{"line":185,"column":9}},{"start":{"line":183,"column":15},"end":{"line":185,"column":9}}],"line":181},"10":{"loc":{"start":{"line":201,"column":10},"end":{"line":201,"column":66}},"type":"binary-expr","locations":[{"start":{"line":201,"column":10},"end":{"line":201,"column":14}},{"start":{"line":201,"column":18},"end":{"line":201,"column":42}},{"start":{"line":201,"column":46},"end":{"line":201,"column":66}}],"line":201},"11":{"loc":{"start":{"line":217,"column":44},"end":{"line":217,"column":56}},"type":"default-arg","locations":[{"start":{"line":217,"column":54},"end":{"line":217,"column":56}}],"line":217}},"s":{"0":0,"1":0,"2":0,"3":0,"4":0,"5":0,"6":0,"7":0,"8":0,"9":0,"10":0,"11":0,"12":0,"13":0,"14":0,"15":0,"16":0,"17":0,"18":0,"19":0,"20":0,"21":0,"22":0,"23":0,"24":0,"25":0,"26":0,"27":0,"28":0,"29":0,"30":0},"f":{"0":0,"1":0,"2":0,"3":0,"4":0,"5":0,"6":0,"7":0,"8":0,"9":0,"10":0,"11":0,"12":0},"b":{"0":[0],"1":[0],"2":[0],"3":[0],"4":[0],"5":[0],"6":[0,0],"7":[0,0],"8":[0,0],"9":[0,0],"10":[0,0,0],"11":[0]}}
}
